14-Mar-2019 13:21:53.926 INFO [main] org.apache.catalina.startup.VersionLoggerListener.log Server version:        Apache Tomcat/8.5.37
14-Mar-2019 13:21:53.973 INFO [main] org.apache.catalina.startup.VersionLoggerListener.log Server built:          Dec 12 2018 12:07:02 UTC
14-Mar-2019 13:21:53.973 INFO [main] org.apache.catalina.startup.VersionLoggerListener.log Server number:         8.5.37.0
14-Mar-2019 13:21:53.973 INFO [main] org.apache.catalina.startup.VersionLoggerListener.log OS Name:               Windows 10
14-Mar-2019 13:21:53.973 INFO [main] org.apache.catalina.startup.VersionLoggerListener.log OS Version:            10.0
14-Mar-2019 13:21:53.973 INFO [main] org.apache.catalina.startup.VersionLoggerListener.log Architecture:          amd64
14-Mar-2019 13:21:53.973 INFO [main] org.apache.catalina.startup.VersionLoggerListener.log Java Home:             C:\Program Files\Java\jdk1.8.0_191\jre
14-Mar-2019 13:21:53.973 INFO [main] org.apache.catalina.startup.VersionLoggerListener.log JVM Version:           1.8.0_191-b12
14-Mar-2019 13:21:53.973 INFO [main] org.apache.catalina.startup.VersionLoggerListener.log JVM Vendor:            Oracle Corporation
14-Mar-2019 13:21:53.973 INFO [main] org.apache.catalina.startup.VersionLoggerListener.log CATALINA_BASE:         C:\Users\lewen\Documents\School\Advanced Project\apache-tomcat-8.5.37\apache-tomcat-8.5.37
14-Mar-2019 13:21:53.973 INFO [main] org.apache.catalina.startup.VersionLoggerListener.log CATALINA_HOME:         C:\Users\lewen\Documents\School\Advanced Project\apache-tomcat-8.5.37\apache-tomcat-8.5.37
14-Mar-2019 13:21:53.973 INFO [main] org.apache.catalina.startup.VersionLoggerListener.log Command line argument: -Djava.util.logging.config.file=C:\Users\lewen\Documents\School\Advanced Project\apache-tomcat-8.5.37\apache-tomcat-8.5.37\conf\logging.properties
14-Mar-2019 13:21:53.973 INFO [main] org.apache.catalina.startup.VersionLoggerListener.log Command line argument: -Djava.util.logging.manager=org.apache.juli.ClassLoaderLogManager
14-Mar-2019 13:21:53.973 INFO [main] org.apache.catalina.startup.VersionLoggerListener.log Command line argument: -Djdk.tls.ephemeralDHKeySize=2048
14-Mar-2019 13:21:53.973 INFO [main] org.apache.catalina.startup.VersionLoggerListener.log Command line argument: -Djava.protocol.handler.pkgs=org.apache.catalina.webresources
14-Mar-2019 13:21:53.973 INFO [main] org.apache.catalina.startup.VersionLoggerListener.log Command line argument: -Dignore.endorsed.dirs=
14-Mar-2019 13:21:53.973 INFO [main] org.apache.catalina.startup.VersionLoggerListener.log Command line argument: -Dcatalina.base=C:\Users\lewen\Documents\School\Advanced Project\apache-tomcat-8.5.37\apache-tomcat-8.5.37
14-Mar-2019 13:21:53.973 INFO [main] org.apache.catalina.startup.VersionLoggerListener.log Command line argument: -Dcatalina.home=C:\Users\lewen\Documents\School\Advanced Project\apache-tomcat-8.5.37\apache-tomcat-8.5.37
14-Mar-2019 13:21:53.973 INFO [main] org.apache.catalina.startup.VersionLoggerListener.log Command line argument: -Djava.io.tmpdir=C:\Users\lewen\Documents\School\Advanced Project\apache-tomcat-8.5.37\apache-tomcat-8.5.37\temp
14-Mar-2019 13:21:53.973 INFO [main] org.apache.catalina.core.AprLifecycleListener.lifecycleEvent The APR based Apache Tomcat Native library which allows optimal performance in production environments was not found on the java.library.path: [C:\Program Files\Java\jdk1.8.0_191\bin;C:\WINDOWS\Sun\Java\bin;C:\WINDOWS\system32;C:\WINDOWS;C:\Program Files (x86)\Common Files\Oracle\Java\javapath;C:\Program Files (x86)\Intel\iCLS Client\;C:\Program Files\Intel\iCLS Client\;C:\WINDOWS\system32;C:\WINDOWS;C:\WINDOWS\System32\Wbem;C:\WINDOWS\System32\WindowsPowerShell\v1.0\;C:\Program Files (x86)\Intel\Intel(R) Management Engine Components\DAL;C:\Program Files\Intel\Intel(R) Management Engine Components\DAL;C:\Program Files (x86)\Intel\Intel(R) Management Engine Components\IPT;C:\Program Files\Intel\Intel(R) Management Engine Components\IPT;C:\WINDOWS\System32\OpenSSH\;C:\Program Files (x86)\sbt\bin;C:\Program Files\Java\jdk1.8.0_191\bin;C:\Program Files\nodejs\;C:\Users\lewen\AppData\Local\Microsoft\WindowsApps;C:\Users\lewen\AppData\Local\Programs\MiKTeX 2.9\miktex\bin\x64\;C:\Users\lewen\Documents\Work\apache-maven-3.6.0\bin;C:\Users\lewen\AppData\Roaming\npm;.]
14-Mar-2019 13:21:56.385 INFO [main] org.apache.coyote.AbstractProtocol.init Initializing ProtocolHandler ["http-nio-8080"]
14-Mar-2019 13:21:56.727 INFO [main] org.apache.tomcat.util.net.NioSelectorPool.getSharedSelector Using a shared selector for servlet write/read
14-Mar-2019 13:21:56.758 INFO [main] org.apache.coyote.AbstractProtocol.init Initializing ProtocolHandler ["ajp-nio-8009"]
14-Mar-2019 13:21:56.758 INFO [main] org.apache.tomcat.util.net.NioSelectorPool.getSharedSelector Using a shared selector for servlet write/read
14-Mar-2019 13:21:56.758 INFO [main] org.apache.catalina.startup.Catalina.load Initialization processed in 3515 ms
14-Mar-2019 13:21:56.821 INFO [main] org.apache.catalina.core.StandardService.startInternal Starting service [Catalina]
14-Mar-2019 13:21:56.821 INFO [main] org.apache.catalina.core.StandardEngine.startInternal Starting Servlet Engine: Apache Tomcat/8.5.37
14-Mar-2019 13:21:56.837 INFO [localhost-startStop-1] org.apache.catalina.startup.HostConfig.deployDirectory Deploying web application directory [C:\Users\lewen\Documents\School\Advanced Project\apache-tomcat-8.5.37\apache-tomcat-8.5.37\webapps\docs]
14-Mar-2019 13:21:59.268 INFO [localhost-startStop-1] org.apache.jasper.servlet.TldScanner.scanJars At least one JAR was scanned for TLDs yet contained no TLDs. Enable debug logging for this logger for a complete list of JARs that were scanned but no TLDs were found in them. Skipping unneeded JARs during scanning can improve startup time and JSP compilation time.
14-Mar-2019 13:21:59.347 INFO [localhost-startStop-1] org.apache.catalina.startup.HostConfig.deployDirectory Deployment of web application directory [C:\Users\lewen\Documents\School\Advanced Project\apache-tomcat-8.5.37\apache-tomcat-8.5.37\webapps\docs] has finished in [2,494] ms
14-Mar-2019 13:21:59.347 INFO [localhost-startStop-1] org.apache.catalina.startup.HostConfig.deployDirectory Deploying web application directory [C:\Users\lewen\Documents\School\Advanced Project\apache-tomcat-8.5.37\apache-tomcat-8.5.37\webapps\examples]
14-Mar-2019 13:22:01.461 INFO [localhost-startStop-1] org.apache.jasper.servlet.TldScanner.scanJars At least one JAR was scanned for TLDs yet contained no TLDs. Enable debug logging for this logger for a complete list of JARs that were scanned but no TLDs were found in them. Skipping unneeded JARs during scanning can improve startup time and JSP compilation time.
14-Mar-2019 13:22:01.539 INFO [localhost-startStop-1] org.apache.catalina.startup.HostConfig.deployDirectory Deployment of web application directory [C:\Users\lewen\Documents\School\Advanced Project\apache-tomcat-8.5.37\apache-tomcat-8.5.37\webapps\examples] has finished in [2,192] ms
14-Mar-2019 13:22:01.539 INFO [localhost-startStop-1] org.apache.catalina.startup.HostConfig.deployDirectory Deploying web application directory [C:\Users\lewen\Documents\School\Advanced Project\apache-tomcat-8.5.37\apache-tomcat-8.5.37\webapps\host-manager]
14-Mar-2019 13:22:01.820 INFO [localhost-startStop-1] org.apache.jasper.servlet.TldScanner.scanJars At least one JAR was scanned for TLDs yet contained no TLDs. Enable debug logging for this logger for a complete list of JARs that were scanned but no TLDs were found in them. Skipping unneeded JARs during scanning can improve startup time and JSP compilation time.
14-Mar-2019 13:22:01.836 INFO [localhost-startStop-1] org.apache.catalina.startup.HostConfig.deployDirectory Deployment of web application directory [C:\Users\lewen\Documents\School\Advanced Project\apache-tomcat-8.5.37\apache-tomcat-8.5.37\webapps\host-manager] has finished in [297] ms
14-Mar-2019 13:22:01.836 INFO [localhost-startStop-1] org.apache.catalina.startup.HostConfig.deployDirectory Deploying web application directory [C:\Users\lewen\Documents\School\Advanced Project\apache-tomcat-8.5.37\apache-tomcat-8.5.37\webapps\manager]
14-Mar-2019 13:22:02.125 INFO [localhost-startStop-1] org.apache.jasper.servlet.TldScanner.scanJars At least one JAR was scanned for TLDs yet contained no TLDs. Enable debug logging for this logger for a complete list of JARs that were scanned but no TLDs were found in them. Skipping unneeded JARs during scanning can improve startup time and JSP compilation time.
14-Mar-2019 13:22:02.141 INFO [localhost-startStop-1] org.apache.catalina.startup.HostConfig.deployDirectory Deployment of web application directory [C:\Users\lewen\Documents\School\Advanced Project\apache-tomcat-8.5.37\apache-tomcat-8.5.37\webapps\manager] has finished in [305] ms
14-Mar-2019 13:22:02.141 INFO [localhost-startStop-1] org.apache.catalina.startup.HostConfig.deployDirectory Deploying web application directory [C:\Users\lewen\Documents\School\Advanced Project\apache-tomcat-8.5.37\apache-tomcat-8.5.37\webapps\ROOT]
14-Mar-2019 13:22:02.375 INFO [localhost-startStop-1] org.apache.jasper.servlet.TldScanner.scanJars At least one JAR was scanned for TLDs yet contained no TLDs. Enable debug logging for this logger for a complete list of JARs that were scanned but no TLDs were found in them. Skipping unneeded JARs during scanning can improve startup time and JSP compilation time.
14-Mar-2019 13:22:02.391 INFO [localhost-startStop-1] org.apache.catalina.startup.HostConfig.deployDirectory Deployment of web application directory [C:\Users\lewen\Documents\School\Advanced Project\apache-tomcat-8.5.37\apache-tomcat-8.5.37\webapps\ROOT] has finished in [250] ms
14-Mar-2019 13:22:02.391 INFO [main] org.apache.coyote.AbstractProtocol.start Starting ProtocolHandler ["http-nio-8080"]
14-Mar-2019 13:22:02.407 INFO [main] org.apache.coyote.AbstractProtocol.start Starting ProtocolHandler ["ajp-nio-8009"]
14-Mar-2019 13:22:02.407 INFO [main] org.apache.catalina.startup.Catalina.start Server startup in 5649 ms
