04-Apr-2019 12:03:43.986 INFO [main] org.apache.catalina.startup.VersionLoggerListener.log Server version:        Apache Tomcat/8.5.37
04-Apr-2019 12:03:43.988 INFO [main] org.apache.catalina.startup.VersionLoggerListener.log Server built:          Dec 12 2018 12:07:02 UTC
04-Apr-2019 12:03:43.988 INFO [main] org.apache.catalina.startup.VersionLoggerListener.log Server number:         8.5.37.0
04-Apr-2019 12:03:43.988 INFO [main] org.apache.catalina.startup.VersionLoggerListener.log OS Name:               Mac OS X
04-Apr-2019 12:03:43.988 INFO [main] org.apache.catalina.startup.VersionLoggerListener.log OS Version:            10.14.4
04-Apr-2019 12:03:43.989 INFO [main] org.apache.catalina.startup.VersionLoggerListener.log Architecture:          x86_64
04-Apr-2019 12:03:43.989 INFO [main] org.apache.catalina.startup.VersionLoggerListener.log Java Home:             /Library/Java/JavaVirtualMachines/jdk1.8.0_121.jdk/Contents/Home/jre
04-Apr-2019 12:03:43.989 INFO [main] org.apache.catalina.startup.VersionLoggerListener.log JVM Version:           1.8.0_121-b13
04-Apr-2019 12:03:43.989 INFO [main] org.apache.catalina.startup.VersionLoggerListener.log JVM Vendor:            Oracle Corporation
04-Apr-2019 12:03:43.989 INFO [main] org.apache.catalina.startup.VersionLoggerListener.log CATALINA_BASE:         /Users/sean/WebstormProjects/PTDA-Final
04-Apr-2019 12:03:43.989 INFO [main] org.apache.catalina.startup.VersionLoggerListener.log CATALINA_HOME:         /Users/sean/WebstormProjects/PTDA-Final
04-Apr-2019 12:03:43.990 INFO [main] org.apache.catalina.startup.VersionLoggerListener.log Command line argument: -Djava.util.logging.config.file=/Users/sean/WebstormProjects/PTDA-Final/conf/logging.properties
04-Apr-2019 12:03:43.990 INFO [main] org.apache.catalina.startup.VersionLoggerListener.log Command line argument: -Djava.util.logging.manager=org.apache.juli.ClassLoaderLogManager
04-Apr-2019 12:03:43.990 INFO [main] org.apache.catalina.startup.VersionLoggerListener.log Command line argument: -Djdk.tls.ephemeralDHKeySize=2048
04-Apr-2019 12:03:43.990 INFO [main] org.apache.catalina.startup.VersionLoggerListener.log Command line argument: -Djava.protocol.handler.pkgs=org.apache.catalina.webresources
04-Apr-2019 12:03:43.990 INFO [main] org.apache.catalina.startup.VersionLoggerListener.log Command line argument: -Dorg.apache.catalina.security.SecurityListener.UMASK=0027
04-Apr-2019 12:03:43.990 INFO [main] org.apache.catalina.startup.VersionLoggerListener.log Command line argument: -Dignore.endorsed.dirs=
04-Apr-2019 12:03:43.990 INFO [main] org.apache.catalina.startup.VersionLoggerListener.log Command line argument: -Dcatalina.base=/Users/sean/WebstormProjects/PTDA-Final
04-Apr-2019 12:03:43.990 INFO [main] org.apache.catalina.startup.VersionLoggerListener.log Command line argument: -Dcatalina.home=/Users/sean/WebstormProjects/PTDA-Final
04-Apr-2019 12:03:43.991 INFO [main] org.apache.catalina.startup.VersionLoggerListener.log Command line argument: -Djava.io.tmpdir=/Users/sean/WebstormProjects/PTDA-Final/temp
04-Apr-2019 12:03:43.991 INFO [main] org.apache.catalina.core.AprLifecycleListener.lifecycleEvent The APR based Apache Tomcat Native library which allows optimal performance in production environments was not found on the java.library.path: [/Users/sean/Library/Java/Extensions:/Library/Java/Extensions:/Network/Library/Java/Extensions:/System/Library/Java/Extensions:/usr/lib/java:.]
04-Apr-2019 12:03:44.113 INFO [main] org.apache.coyote.AbstractProtocol.init Initializing ProtocolHandler ["http-nio-8080"]
04-Apr-2019 12:03:44.144 INFO [main] org.apache.tomcat.util.net.NioSelectorPool.getSharedSelector Using a shared selector for servlet write/read
04-Apr-2019 12:03:44.156 INFO [main] org.apache.coyote.AbstractProtocol.init Initializing ProtocolHandler ["ajp-nio-8009"]
04-Apr-2019 12:03:44.157 INFO [main] org.apache.tomcat.util.net.NioSelectorPool.getSharedSelector Using a shared selector for servlet write/read
04-Apr-2019 12:03:44.158 INFO [main] org.apache.catalina.startup.Catalina.load Initialization processed in 547 ms
04-Apr-2019 12:03:44.180 INFO [main] org.apache.catalina.core.StandardService.startInternal Starting service [Catalina]
04-Apr-2019 12:03:44.181 INFO [main] org.apache.catalina.core.StandardEngine.startInternal Starting Servlet Engine: Apache Tomcat/8.5.37
04-Apr-2019 12:03:44.189 INFO [localhost-startStop-1] org.apache.catalina.startup.HostConfig.deployDirectory Deploying web application directory [/Users/sean/WebstormProjects/PTDA-Final/webapps/docs]
04-Apr-2019 12:03:44.619 INFO [localhost-startStop-1] org.apache.jasper.servlet.TldScanner.scanJars At least one JAR was scanned for TLDs yet contained no TLDs. Enable debug logging for this logger for a complete list of JARs that were scanned but no TLDs were found in them. Skipping unneeded JARs during scanning can improve startup time and JSP compilation time.
04-Apr-2019 12:03:44.672 INFO [localhost-startStop-1] org.apache.catalina.startup.HostConfig.deployDirectory Deployment of web application directory [/Users/sean/WebstormProjects/PTDA-Final/webapps/docs] has finished in [482] ms
04-Apr-2019 12:03:44.673 INFO [localhost-startStop-1] org.apache.catalina.startup.HostConfig.deployDirectory Deploying web application directory [/Users/sean/WebstormProjects/PTDA-Final/webapps/manager]
04-Apr-2019 12:03:44.779 INFO [localhost-startStop-1] org.apache.jasper.servlet.TldScanner.scanJars At least one JAR was scanned for TLDs yet contained no TLDs. Enable debug logging for this logger for a complete list of JARs that were scanned but no TLDs were found in them. Skipping unneeded JARs during scanning can improve startup time and JSP compilation time.
04-Apr-2019 12:03:44.785 INFO [localhost-startStop-1] org.apache.catalina.startup.HostConfig.deployDirectory Deployment of web application directory [/Users/sean/WebstormProjects/PTDA-Final/webapps/manager] has finished in [113] ms
04-Apr-2019 12:03:44.785 INFO [localhost-startStop-1] org.apache.catalina.startup.HostConfig.deployDirectory Deploying web application directory [/Users/sean/WebstormProjects/PTDA-Final/webapps/examples]
04-Apr-2019 12:03:45.078 INFO [localhost-startStop-1] org.apache.jasper.servlet.TldScanner.scanJars At least one JAR was scanned for TLDs yet contained no TLDs. Enable debug logging for this logger for a complete list of JARs that were scanned but no TLDs were found in them. Skipping unneeded JARs during scanning can improve startup time and JSP compilation time.
04-Apr-2019 12:03:45.095 INFO [localhost-startStop-1] org.apache.catalina.startup.HostConfig.deployDirectory Deployment of web application directory [/Users/sean/WebstormProjects/PTDA-Final/webapps/examples] has finished in [310] ms
04-Apr-2019 12:03:45.095 INFO [localhost-startStop-1] org.apache.catalina.startup.HostConfig.deployDirectory Deploying web application directory [/Users/sean/WebstormProjects/PTDA-Final/webapps/ROOT]
04-Apr-2019 12:03:45.209 INFO [localhost-startStop-1] org.apache.jasper.servlet.TldScanner.scanJars At least one JAR was scanned for TLDs yet contained no TLDs. Enable debug logging for this logger for a complete list of JARs that were scanned but no TLDs were found in them. Skipping unneeded JARs during scanning can improve startup time and JSP compilation time.
04-Apr-2019 12:03:45.275 INFO [localhost-startStop-1] org.apache.catalina.startup.HostConfig.deployDirectory Deployment of web application directory [/Users/sean/WebstormProjects/PTDA-Final/webapps/ROOT] has finished in [180] ms
04-Apr-2019 12:03:45.275 INFO [localhost-startStop-1] org.apache.catalina.startup.HostConfig.deployDirectory Deploying web application directory [/Users/sean/WebstormProjects/PTDA-Final/webapps/host-manager]
04-Apr-2019 12:03:45.373 INFO [localhost-startStop-1] org.apache.jasper.servlet.TldScanner.scanJars At least one JAR was scanned for TLDs yet contained no TLDs. Enable debug logging for this logger for a complete list of JARs that were scanned but no TLDs were found in them. Skipping unneeded JARs during scanning can improve startup time and JSP compilation time.
04-Apr-2019 12:03:45.375 INFO [localhost-startStop-1] org.apache.catalina.startup.HostConfig.deployDirectory Deployment of web application directory [/Users/sean/WebstormProjects/PTDA-Final/webapps/host-manager] has finished in [99] ms
04-Apr-2019 12:03:45.377 INFO [main] org.apache.coyote.AbstractProtocol.start Starting ProtocolHandler ["http-nio-8080"]
04-Apr-2019 12:03:45.388 INFO [main] org.apache.coyote.AbstractProtocol.start Starting ProtocolHandler ["ajp-nio-8009"]
04-Apr-2019 12:03:45.390 INFO [main] org.apache.catalina.startup.Catalina.start Server startup in 1231 ms
04-Apr-2019 12:17:41.979 INFO [main] org.apache.catalina.core.StandardServer.await A valid shutdown command was received via the shutdown port. Stopping the Server instance.
04-Apr-2019 12:17:41.980 INFO [main] org.apache.coyote.AbstractProtocol.pause Pausing ProtocolHandler ["http-nio-8080"]
04-Apr-2019 12:17:41.988 INFO [main] org.apache.coyote.AbstractProtocol.pause Pausing ProtocolHandler ["ajp-nio-8009"]
04-Apr-2019 12:17:41.994 INFO [main] org.apache.catalina.core.StandardService.stopInternal Stopping service [Catalina]
04-Apr-2019 12:17:42.014 INFO [main] org.apache.coyote.AbstractProtocol.stop Stopping ProtocolHandler ["http-nio-8080"]
04-Apr-2019 12:17:42.017 INFO [main] org.apache.coyote.AbstractProtocol.stop Stopping ProtocolHandler ["ajp-nio-8009"]
04-Apr-2019 12:17:42.018 INFO [main] org.apache.coyote.AbstractProtocol.destroy Destroying ProtocolHandler ["http-nio-8080"]
04-Apr-2019 12:17:42.018 INFO [main] org.apache.coyote.AbstractProtocol.destroy Destroying ProtocolHandler ["ajp-nio-8009"]
04-Apr-2019 12:18:03.637 INFO [main] org.apache.catalina.startup.VersionLoggerListener.log Server version:        Apache Tomcat/8.5.37
04-Apr-2019 12:18:03.639 INFO [main] org.apache.catalina.startup.VersionLoggerListener.log Server built:          Dec 12 2018 12:07:02 UTC
04-Apr-2019 12:18:03.639 INFO [main] org.apache.catalina.startup.VersionLoggerListener.log Server number:         8.5.37.0
04-Apr-2019 12:18:03.639 INFO [main] org.apache.catalina.startup.VersionLoggerListener.log OS Name:               Mac OS X
04-Apr-2019 12:18:03.639 INFO [main] org.apache.catalina.startup.VersionLoggerListener.log OS Version:            10.14.4
04-Apr-2019 12:18:03.639 INFO [main] org.apache.catalina.startup.VersionLoggerListener.log Architecture:          x86_64
04-Apr-2019 12:18:03.639 INFO [main] org.apache.catalina.startup.VersionLoggerListener.log Java Home:             /Library/Java/JavaVirtualMachines/jdk1.8.0_121.jdk/Contents/Home/jre
04-Apr-2019 12:18:03.639 INFO [main] org.apache.catalina.startup.VersionLoggerListener.log JVM Version:           1.8.0_121-b13
04-Apr-2019 12:18:03.640 INFO [main] org.apache.catalina.startup.VersionLoggerListener.log JVM Vendor:            Oracle Corporation
04-Apr-2019 12:18:03.640 INFO [main] org.apache.catalina.startup.VersionLoggerListener.log CATALINA_BASE:         /Users/sean/WebstormProjects/PTDA-Final
04-Apr-2019 12:18:03.640 INFO [main] org.apache.catalina.startup.VersionLoggerListener.log CATALINA_HOME:         /Users/sean/WebstormProjects/PTDA-Final
04-Apr-2019 12:18:03.640 INFO [main] org.apache.catalina.startup.VersionLoggerListener.log Command line argument: -Djava.util.logging.config.file=/Users/sean/WebstormProjects/PTDA-Final/conf/logging.properties
04-Apr-2019 12:18:03.641 INFO [main] org.apache.catalina.startup.VersionLoggerListener.log Command line argument: -Djava.util.logging.manager=org.apache.juli.ClassLoaderLogManager
04-Apr-2019 12:18:03.641 INFO [main] org.apache.catalina.startup.VersionLoggerListener.log Command line argument: -Djdk.tls.ephemeralDHKeySize=2048
04-Apr-2019 12:18:03.641 INFO [main] org.apache.catalina.startup.VersionLoggerListener.log Command line argument: -Djava.protocol.handler.pkgs=org.apache.catalina.webresources
04-Apr-2019 12:18:03.641 INFO [main] org.apache.catalina.startup.VersionLoggerListener.log Command line argument: -Dorg.apache.catalina.security.SecurityListener.UMASK=0027
04-Apr-2019 12:18:03.641 INFO [main] org.apache.catalina.startup.VersionLoggerListener.log Command line argument: -Dignore.endorsed.dirs=
04-Apr-2019 12:18:03.641 INFO [main] org.apache.catalina.startup.VersionLoggerListener.log Command line argument: -Dcatalina.base=/Users/sean/WebstormProjects/PTDA-Final
04-Apr-2019 12:18:03.641 INFO [main] org.apache.catalina.startup.VersionLoggerListener.log Command line argument: -Dcatalina.home=/Users/sean/WebstormProjects/PTDA-Final
04-Apr-2019 12:18:03.641 INFO [main] org.apache.catalina.startup.VersionLoggerListener.log Command line argument: -Djava.io.tmpdir=/Users/sean/WebstormProjects/PTDA-Final/temp
04-Apr-2019 12:18:03.641 INFO [main] org.apache.catalina.core.AprLifecycleListener.lifecycleEvent The APR based Apache Tomcat Native library which allows optimal performance in production environments was not found on the java.library.path: [/Users/sean/Library/Java/Extensions:/Library/Java/Extensions:/Network/Library/Java/Extensions:/System/Library/Java/Extensions:/usr/lib/java:.]
04-Apr-2019 12:18:03.749 INFO [main] org.apache.coyote.AbstractProtocol.init Initializing ProtocolHandler ["http-nio-8080"]
04-Apr-2019 12:18:03.778 INFO [main] org.apache.tomcat.util.net.NioSelectorPool.getSharedSelector Using a shared selector for servlet write/read
04-Apr-2019 12:18:03.788 INFO [main] org.apache.coyote.AbstractProtocol.init Initializing ProtocolHandler ["ajp-nio-8009"]
04-Apr-2019 12:18:03.790 INFO [main] org.apache.tomcat.util.net.NioSelectorPool.getSharedSelector Using a shared selector for servlet write/read
04-Apr-2019 12:18:03.791 INFO [main] org.apache.catalina.startup.Catalina.load Initialization processed in 464 ms
04-Apr-2019 12:18:03.810 INFO [main] org.apache.catalina.core.StandardService.startInternal Starting service [Catalina]
04-Apr-2019 12:18:03.810 INFO [main] org.apache.catalina.core.StandardEngine.startInternal Starting Servlet Engine: Apache Tomcat/8.5.37
04-Apr-2019 12:18:03.817 INFO [localhost-startStop-1] org.apache.catalina.startup.HostConfig.deployDirectory Deploying web application directory [/Users/sean/WebstormProjects/PTDA-Final/webapps/docs]
04-Apr-2019 12:18:04.145 INFO [localhost-startStop-1] org.apache.jasper.servlet.TldScanner.scanJars At least one JAR was scanned for TLDs yet contained no TLDs. Enable debug logging for this logger for a complete list of JARs that were scanned but no TLDs were found in them. Skipping unneeded JARs during scanning can improve startup time and JSP compilation time.
04-Apr-2019 12:18:04.180 INFO [localhost-startStop-1] org.apache.catalina.startup.HostConfig.deployDirectory Deployment of web application directory [/Users/sean/WebstormProjects/PTDA-Final/webapps/docs] has finished in [363] ms
04-Apr-2019 12:18:04.180 INFO [localhost-startStop-1] org.apache.catalina.startup.HostConfig.deployDirectory Deploying web application directory [/Users/sean/WebstormProjects/PTDA-Final/webapps/manager]
04-Apr-2019 12:18:04.284 INFO [localhost-startStop-1] org.apache.jasper.servlet.TldScanner.scanJars At least one JAR was scanned for TLDs yet contained no TLDs. Enable debug logging for this logger for a complete list of JARs that were scanned but no TLDs were found in them. Skipping unneeded JARs during scanning can improve startup time and JSP compilation time.
04-Apr-2019 12:18:04.288 INFO [localhost-startStop-1] org.apache.catalina.startup.HostConfig.deployDirectory Deployment of web application directory [/Users/sean/WebstormProjects/PTDA-Final/webapps/manager] has finished in [108] ms
04-Apr-2019 12:18:04.288 INFO [localhost-startStop-1] org.apache.catalina.startup.HostConfig.deployDirectory Deploying web application directory [/Users/sean/WebstormProjects/PTDA-Final/webapps/examples]
04-Apr-2019 12:18:04.513 INFO [localhost-startStop-1] org.apache.jasper.servlet.TldScanner.scanJars At least one JAR was scanned for TLDs yet contained no TLDs. Enable debug logging for this logger for a complete list of JARs that were scanned but no TLDs were found in them. Skipping unneeded JARs during scanning can improve startup time and JSP compilation time.
04-Apr-2019 12:18:04.529 INFO [localhost-startStop-1] org.apache.catalina.startup.HostConfig.deployDirectory Deployment of web application directory [/Users/sean/WebstormProjects/PTDA-Final/webapps/examples] has finished in [241] ms
04-Apr-2019 12:18:04.529 INFO [localhost-startStop-1] org.apache.catalina.startup.HostConfig.deployDirectory Deploying web application directory [/Users/sean/WebstormProjects/PTDA-Final/webapps/ROOT]
04-Apr-2019 12:18:04.637 INFO [localhost-startStop-1] org.apache.jasper.servlet.TldScanner.scanJars At least one JAR was scanned for TLDs yet contained no TLDs. Enable debug logging for this logger for a complete list of JARs that were scanned but no TLDs were found in them. Skipping unneeded JARs during scanning can improve startup time and JSP compilation time.
04-Apr-2019 12:18:04.694 INFO [localhost-startStop-1] org.apache.catalina.startup.HostConfig.deployDirectory Deployment of web application directory [/Users/sean/WebstormProjects/PTDA-Final/webapps/ROOT] has finished in [165] ms
04-Apr-2019 12:18:04.694 INFO [localhost-startStop-1] org.apache.catalina.startup.HostConfig.deployDirectory Deploying web application directory [/Users/sean/WebstormProjects/PTDA-Final/webapps/host-manager]
04-Apr-2019 12:18:04.781 INFO [localhost-startStop-1] org.apache.jasper.servlet.TldScanner.scanJars At least one JAR was scanned for TLDs yet contained no TLDs. Enable debug logging for this logger for a complete list of JARs that were scanned but no TLDs were found in them. Skipping unneeded JARs during scanning can improve startup time and JSP compilation time.
04-Apr-2019 12:18:04.783 INFO [localhost-startStop-1] org.apache.catalina.startup.HostConfig.deployDirectory Deployment of web application directory [/Users/sean/WebstormProjects/PTDA-Final/webapps/host-manager] has finished in [88] ms
04-Apr-2019 12:18:04.784 INFO [main] org.apache.coyote.AbstractProtocol.start Starting ProtocolHandler ["http-nio-8080"]
04-Apr-2019 12:18:04.790 INFO [main] org.apache.coyote.AbstractProtocol.start Starting ProtocolHandler ["ajp-nio-8009"]
04-Apr-2019 12:18:04.791 INFO [main] org.apache.catalina.startup.Catalina.start Server startup in 1000 ms
04-Apr-2019 12:27:07.369 INFO [main] org.apache.catalina.core.StandardServer.await A valid shutdown command was received via the shutdown port. Stopping the Server instance.
04-Apr-2019 12:27:07.369 INFO [main] org.apache.coyote.AbstractProtocol.pause Pausing ProtocolHandler ["http-nio-8080"]
04-Apr-2019 12:27:07.377 INFO [main] org.apache.coyote.AbstractProtocol.pause Pausing ProtocolHandler ["ajp-nio-8009"]
04-Apr-2019 12:27:07.385 INFO [main] org.apache.catalina.core.StandardService.stopInternal Stopping service [Catalina]
04-Apr-2019 12:27:07.407 INFO [main] org.apache.coyote.AbstractProtocol.stop Stopping ProtocolHandler ["http-nio-8080"]
04-Apr-2019 12:27:07.409 INFO [main] org.apache.coyote.AbstractProtocol.stop Stopping ProtocolHandler ["ajp-nio-8009"]
04-Apr-2019 12:27:07.410 INFO [main] org.apache.coyote.AbstractProtocol.destroy Destroying ProtocolHandler ["http-nio-8080"]
04-Apr-2019 12:27:07.411 INFO [main] org.apache.coyote.AbstractProtocol.destroy Destroying ProtocolHandler ["ajp-nio-8009"]
04-Apr-2019 12:49:30.791 INFO [main] org.apache.catalina.startup.VersionLoggerListener.log Server version:        Apache Tomcat/8.5.37
04-Apr-2019 12:49:30.793 INFO [main] org.apache.catalina.startup.VersionLoggerListener.log Server built:          Dec 12 2018 12:07:02 UTC
04-Apr-2019 12:49:30.793 INFO [main] org.apache.catalina.startup.VersionLoggerListener.log Server number:         8.5.37.0
04-Apr-2019 12:49:30.793 INFO [main] org.apache.catalina.startup.VersionLoggerListener.log OS Name:               Mac OS X
04-Apr-2019 12:49:30.793 INFO [main] org.apache.catalina.startup.VersionLoggerListener.log OS Version:            10.14.4
04-Apr-2019 12:49:30.793 INFO [main] org.apache.catalina.startup.VersionLoggerListener.log Architecture:          x86_64
04-Apr-2019 12:49:30.793 INFO [main] org.apache.catalina.startup.VersionLoggerListener.log Java Home:             /Library/Java/JavaVirtualMachines/jdk1.8.0_121.jdk/Contents/Home/jre
04-Apr-2019 12:49:30.793 INFO [main] org.apache.catalina.startup.VersionLoggerListener.log JVM Version:           1.8.0_121-b13
04-Apr-2019 12:49:30.794 INFO [main] org.apache.catalina.startup.VersionLoggerListener.log JVM Vendor:            Oracle Corporation
04-Apr-2019 12:49:30.794 INFO [main] org.apache.catalina.startup.VersionLoggerListener.log CATALINA_BASE:         /Users/sean/WebstormProjects/PTDA-Final
04-Apr-2019 12:49:30.794 INFO [main] org.apache.catalina.startup.VersionLoggerListener.log CATALINA_HOME:         /Users/sean/WebstormProjects/PTDA-Final
04-Apr-2019 12:49:30.795 INFO [main] org.apache.catalina.startup.VersionLoggerListener.log Command line argument: -Djava.util.logging.config.file=/Users/sean/WebstormProjects/PTDA-Final/conf/logging.properties
04-Apr-2019 12:49:30.795 INFO [main] org.apache.catalina.startup.VersionLoggerListener.log Command line argument: -Djava.util.logging.manager=org.apache.juli.ClassLoaderLogManager
04-Apr-2019 12:49:30.795 INFO [main] org.apache.catalina.startup.VersionLoggerListener.log Command line argument: -Djdk.tls.ephemeralDHKeySize=2048
04-Apr-2019 12:49:30.795 INFO [main] org.apache.catalina.startup.VersionLoggerListener.log Command line argument: -Djava.protocol.handler.pkgs=org.apache.catalina.webresources
04-Apr-2019 12:49:30.795 INFO [main] org.apache.catalina.startup.VersionLoggerListener.log Command line argument: -Dorg.apache.catalina.security.SecurityListener.UMASK=0027
04-Apr-2019 12:49:30.795 INFO [main] org.apache.catalina.startup.VersionLoggerListener.log Command line argument: -Dignore.endorsed.dirs=
04-Apr-2019 12:49:30.795 INFO [main] org.apache.catalina.startup.VersionLoggerListener.log Command line argument: -Dcatalina.base=/Users/sean/WebstormProjects/PTDA-Final
04-Apr-2019 12:49:30.795 INFO [main] org.apache.catalina.startup.VersionLoggerListener.log Command line argument: -Dcatalina.home=/Users/sean/WebstormProjects/PTDA-Final
04-Apr-2019 12:49:30.796 INFO [main] org.apache.catalina.startup.VersionLoggerListener.log Command line argument: -Djava.io.tmpdir=/Users/sean/WebstormProjects/PTDA-Final/temp
04-Apr-2019 12:49:30.796 INFO [main] org.apache.catalina.core.AprLifecycleListener.lifecycleEvent The APR based Apache Tomcat Native library which allows optimal performance in production environments was not found on the java.library.path: [/Users/sean/Library/Java/Extensions:/Library/Java/Extensions:/Network/Library/Java/Extensions:/System/Library/Java/Extensions:/usr/lib/java:.]
04-Apr-2019 12:49:30.908 INFO [main] org.apache.coyote.AbstractProtocol.init Initializing ProtocolHandler ["http-nio-8080"]
04-Apr-2019 12:49:30.941 INFO [main] org.apache.tomcat.util.net.NioSelectorPool.getSharedSelector Using a shared selector for servlet write/read
04-Apr-2019 12:49:30.952 INFO [main] org.apache.coyote.AbstractProtocol.init Initializing ProtocolHandler ["ajp-nio-8009"]
04-Apr-2019 12:49:30.955 INFO [main] org.apache.tomcat.util.net.NioSelectorPool.getSharedSelector Using a shared selector for servlet write/read
04-Apr-2019 12:49:30.955 INFO [main] org.apache.catalina.startup.Catalina.load Initialization processed in 496 ms
04-Apr-2019 12:49:30.977 INFO [main] org.apache.catalina.core.StandardService.startInternal Starting service [Catalina]
04-Apr-2019 12:49:30.977 INFO [main] org.apache.catalina.core.StandardEngine.startInternal Starting Servlet Engine: Apache Tomcat/8.5.37
04-Apr-2019 12:49:30.986 INFO [localhost-startStop-1] org.apache.catalina.startup.HostConfig.deployDirectory Deploying web application directory [/Users/sean/WebstormProjects/PTDA-Final/webapps/docs]
04-Apr-2019 12:49:31.419 INFO [localhost-startStop-1] org.apache.jasper.servlet.TldScanner.scanJars At least one JAR was scanned for TLDs yet contained no TLDs. Enable debug logging for this logger for a complete list of JARs that were scanned but no TLDs were found in them. Skipping unneeded JARs during scanning can improve startup time and JSP compilation time.
04-Apr-2019 12:49:31.468 INFO [localhost-startStop-1] org.apache.catalina.startup.HostConfig.deployDirectory Deployment of web application directory [/Users/sean/WebstormProjects/PTDA-Final/webapps/docs] has finished in [482] ms
04-Apr-2019 12:49:31.468 INFO [localhost-startStop-1] org.apache.catalina.startup.HostConfig.deployDirectory Deploying web application directory [/Users/sean/WebstormProjects/PTDA-Final/webapps/manager]
04-Apr-2019 12:49:31.573 INFO [localhost-startStop-1] org.apache.jasper.servlet.TldScanner.scanJars At least one JAR was scanned for TLDs yet contained no TLDs. Enable debug logging for this logger for a complete list of JARs that were scanned but no TLDs were found in them. Skipping unneeded JARs during scanning can improve startup time and JSP compilation time.
04-Apr-2019 12:49:31.577 INFO [localhost-startStop-1] org.apache.catalina.startup.HostConfig.deployDirectory Deployment of web application directory [/Users/sean/WebstormProjects/PTDA-Final/webapps/manager] has finished in [109] ms
04-Apr-2019 12:49:31.577 INFO [localhost-startStop-1] org.apache.catalina.startup.HostConfig.deployDirectory Deploying web application directory [/Users/sean/WebstormProjects/PTDA-Final/webapps/examples]
04-Apr-2019 12:49:31.810 INFO [localhost-startStop-1] org.apache.jasper.servlet.TldScanner.scanJars At least one JAR was scanned for TLDs yet contained no TLDs. Enable debug logging for this logger for a complete list of JARs that were scanned but no TLDs were found in them. Skipping unneeded JARs during scanning can improve startup time and JSP compilation time.
04-Apr-2019 12:49:31.826 INFO [localhost-startStop-1] org.apache.catalina.startup.HostConfig.deployDirectory Deployment of web application directory [/Users/sean/WebstormProjects/PTDA-Final/webapps/examples] has finished in [249] ms
04-Apr-2019 12:49:31.826 INFO [localhost-startStop-1] org.apache.catalina.startup.HostConfig.deployDirectory Deploying web application directory [/Users/sean/WebstormProjects/PTDA-Final/webapps/ROOT]
04-Apr-2019 12:49:31.931 INFO [localhost-startStop-1] org.apache.jasper.servlet.TldScanner.scanJars At least one JAR was scanned for TLDs yet contained no TLDs. Enable debug logging for this logger for a complete list of JARs that were scanned but no TLDs were found in them. Skipping unneeded JARs during scanning can improve startup time and JSP compilation time.
04-Apr-2019 12:49:31.988 INFO [localhost-startStop-1] org.apache.catalina.startup.HostConfig.deployDirectory Deployment of web application directory [/Users/sean/WebstormProjects/PTDA-Final/webapps/ROOT] has finished in [161] ms
04-Apr-2019 12:49:31.988 INFO [localhost-startStop-1] org.apache.catalina.startup.HostConfig.deployDirectory Deploying web application directory [/Users/sean/WebstormProjects/PTDA-Final/webapps/host-manager]
04-Apr-2019 12:49:32.073 INFO [localhost-startStop-1] org.apache.jasper.servlet.TldScanner.scanJars At least one JAR was scanned for TLDs yet contained no TLDs. Enable debug logging for this logger for a complete list of JARs that were scanned but no TLDs were found in them. Skipping unneeded JARs during scanning can improve startup time and JSP compilation time.
04-Apr-2019 12:49:32.074 INFO [localhost-startStop-1] org.apache.catalina.startup.HostConfig.deployDirectory Deployment of web application directory [/Users/sean/WebstormProjects/PTDA-Final/webapps/host-manager] has finished in [86] ms
04-Apr-2019 12:49:32.076 INFO [main] org.apache.coyote.AbstractProtocol.start Starting ProtocolHandler ["http-nio-8080"]
04-Apr-2019 12:49:32.083 INFO [main] org.apache.coyote.AbstractProtocol.start Starting ProtocolHandler ["ajp-nio-8009"]
04-Apr-2019 12:49:32.085 INFO [main] org.apache.catalina.startup.Catalina.start Server startup in 1129 ms
04-Apr-2019 14:16:10.647 INFO [Thread-5] org.apache.coyote.AbstractProtocol.pause Pausing ProtocolHandler ["http-nio-8080"]
04-Apr-2019 14:16:10.656 INFO [Thread-5] org.apache.coyote.AbstractProtocol.pause Pausing ProtocolHandler ["ajp-nio-8009"]
04-Apr-2019 14:16:10.663 INFO [Thread-5] org.apache.catalina.core.StandardService.stopInternal Stopping service [Catalina]
04-Apr-2019 14:16:10.688 INFO [Thread-5] org.apache.coyote.AbstractProtocol.stop Stopping ProtocolHandler ["http-nio-8080"]
04-Apr-2019 14:16:10.691 INFO [Thread-5] org.apache.coyote.AbstractProtocol.stop Stopping ProtocolHandler ["ajp-nio-8009"]
04-Apr-2019 14:16:10.692 INFO [Thread-5] org.apache.coyote.AbstractProtocol.destroy Destroying ProtocolHandler ["http-nio-8080"]
04-Apr-2019 14:16:10.692 INFO [Thread-5] org.apache.coyote.AbstractProtocol.destroy Destroying ProtocolHandler ["ajp-nio-8009"]
