12-Feb-2019 20:19:11.635 INFO [main] org.apache.catalina.startup.VersionLoggerListener.log Server version:        Apache Tomcat/8.5.37
12-Feb-2019 20:19:11.644 INFO [main] org.apache.catalina.startup.VersionLoggerListener.log Server built:          Dec 12 2018 12:07:02 UTC
12-Feb-2019 20:19:11.645 INFO [main] org.apache.catalina.startup.VersionLoggerListener.log Server number:         8.5.37.0
12-Feb-2019 20:19:11.646 INFO [main] org.apache.catalina.startup.VersionLoggerListener.log OS Name:               Windows 10
12-Feb-2019 20:19:11.646 INFO [main] org.apache.catalina.startup.VersionLoggerListener.log OS Version:            10.0
12-Feb-2019 20:19:11.646 INFO [main] org.apache.catalina.startup.VersionLoggerListener.log Architecture:          amd64
12-Feb-2019 20:19:11.646 INFO [main] org.apache.catalina.startup.VersionLoggerListener.log Java Home:             C:\Program Files\Java\jdk1.8.0_191\jre
12-Feb-2019 20:19:11.647 INFO [main] org.apache.catalina.startup.VersionLoggerListener.log JVM Version:           1.8.0_191-b12
12-Feb-2019 20:19:11.647 INFO [main] org.apache.catalina.startup.VersionLoggerListener.log JVM Vendor:            Oracle Corporation
12-Feb-2019 20:19:11.647 INFO [main] org.apache.catalina.startup.VersionLoggerListener.log CATALINA_BASE:         C:\Users\lewen\Documents\School\Advanced Project\apache-tomcat-8.5.37\apache-tomcat-8.5.37
12-Feb-2019 20:19:11.647 INFO [main] org.apache.catalina.startup.VersionLoggerListener.log CATALINA_HOME:         C:\Users\lewen\Documents\School\Advanced Project\apache-tomcat-8.5.37\apache-tomcat-8.5.37
12-Feb-2019 20:19:11.648 INFO [main] org.apache.catalina.startup.VersionLoggerListener.log Command line argument: -Djava.util.logging.config.file=C:\Users\lewen\Documents\School\Advanced Project\apache-tomcat-8.5.37\apache-tomcat-8.5.37\conf\logging.properties
12-Feb-2019 20:19:11.648 INFO [main] org.apache.catalina.startup.VersionLoggerListener.log Command line argument: -Djava.util.logging.manager=org.apache.juli.ClassLoaderLogManager
12-Feb-2019 20:19:11.649 INFO [main] org.apache.catalina.startup.VersionLoggerListener.log Command line argument: -Djdk.tls.ephemeralDHKeySize=2048
12-Feb-2019 20:19:11.649 INFO [main] org.apache.catalina.startup.VersionLoggerListener.log Command line argument: -Djava.protocol.handler.pkgs=org.apache.catalina.webresources
12-Feb-2019 20:19:11.649 INFO [main] org.apache.catalina.startup.VersionLoggerListener.log Command line argument: -Dignore.endorsed.dirs=
12-Feb-2019 20:19:11.649 INFO [main] org.apache.catalina.startup.VersionLoggerListener.log Command line argument: -Dcatalina.base=C:\Users\lewen\Documents\School\Advanced Project\apache-tomcat-8.5.37\apache-tomcat-8.5.37
12-Feb-2019 20:19:11.650 INFO [main] org.apache.catalina.startup.VersionLoggerListener.log Command line argument: -Dcatalina.home=C:\Users\lewen\Documents\School\Advanced Project\apache-tomcat-8.5.37\apache-tomcat-8.5.37
12-Feb-2019 20:19:11.651 INFO [main] org.apache.catalina.startup.VersionLoggerListener.log Command line argument: -Djava.io.tmpdir=C:\Users\lewen\Documents\School\Advanced Project\apache-tomcat-8.5.37\apache-tomcat-8.5.37\temp
12-Feb-2019 20:19:11.652 INFO [main] org.apache.catalina.core.AprLifecycleListener.lifecycleEvent The APR based Apache Tomcat Native library which allows optimal performance in production environments was not found on the java.library.path: [C:\Program Files\Java\jdk1.8.0_191\bin;C:\WINDOWS\Sun\Java\bin;C:\WINDOWS\system32;C:\WINDOWS;C:\Program Files (x86)\Common Files\Oracle\Java\javapath;C:\Program Files (x86)\Intel\iCLS Client\;C:\Program Files\Intel\iCLS Client\;C:\WINDOWS\system32;C:\WINDOWS;C:\WINDOWS\System32\Wbem;C:\WINDOWS\System32\WindowsPowerShell\v1.0\;C:\Program Files (x86)\Intel\Intel(R) Management Engine Components\DAL;C:\Program Files\Intel\Intel(R) Management Engine Components\DAL;C:\Program Files (x86)\Intel\Intel(R) Management Engine Components\IPT;C:\Program Files\Intel\Intel(R) Management Engine Components\IPT;C:\WINDOWS\System32\OpenSSH\;C:\Program Files (x86)\sbt\bin;C:\Program Files\Java\jdk1.8.0_191\bin;C:\Program Files\nodejs\;C:\Users\lewen\AppData\Local\Microsoft\WindowsApps;C:\Users\lewen\AppData\Local\Programs\MiKTeX 2.9\miktex\bin\x64\;C:\Users\lewen\Documents\Work\apache-maven-3.6.0\bin;C:\Users\lewen\AppData\Roaming\npm;.]
12-Feb-2019 20:19:12.044 INFO [main] org.apache.coyote.AbstractProtocol.init Initializing ProtocolHandler ["http-nio-8080"]
12-Feb-2019 20:19:12.333 INFO [main] org.apache.tomcat.util.net.NioSelectorPool.getSharedSelector Using a shared selector for servlet write/read
12-Feb-2019 20:19:12.355 INFO [main] org.apache.coyote.AbstractProtocol.init Initializing ProtocolHandler ["ajp-nio-8009"]
12-Feb-2019 20:19:12.361 INFO [main] org.apache.tomcat.util.net.NioSelectorPool.getSharedSelector Using a shared selector for servlet write/read
12-Feb-2019 20:19:12.362 INFO [main] org.apache.catalina.startup.Catalina.load Initialization processed in 1520 ms
12-Feb-2019 20:19:12.410 INFO [main] org.apache.catalina.core.StandardService.startInternal Starting service [Catalina]
12-Feb-2019 20:19:12.410 INFO [main] org.apache.catalina.core.StandardEngine.startInternal Starting Servlet Engine: Apache Tomcat/8.5.37
12-Feb-2019 20:19:12.431 INFO [localhost-startStop-1] org.apache.catalina.startup.HostConfig.deployDirectory Deploying web application directory [C:\Users\lewen\Documents\School\Advanced Project\apache-tomcat-8.5.37\apache-tomcat-8.5.37\webapps\docs]
12-Feb-2019 20:19:13.302 INFO [localhost-startStop-1] org.apache.jasper.servlet.TldScanner.scanJars At least one JAR was scanned for TLDs yet contained no TLDs. Enable debug logging for this logger for a complete list of JARs that were scanned but no TLDs were found in them. Skipping unneeded JARs during scanning can improve startup time and JSP compilation time.
12-Feb-2019 20:19:13.377 INFO [localhost-startStop-1] org.apache.catalina.startup.HostConfig.deployDirectory Deployment of web application directory [C:\Users\lewen\Documents\School\Advanced Project\apache-tomcat-8.5.37\apache-tomcat-8.5.37\webapps\docs] has finished in [946] ms
12-Feb-2019 20:19:13.377 INFO [localhost-startStop-1] org.apache.catalina.startup.HostConfig.deployDirectory Deploying web application directory [C:\Users\lewen\Documents\School\Advanced Project\apache-tomcat-8.5.37\apache-tomcat-8.5.37\webapps\examples]
12-Feb-2019 20:19:14.373 INFO [localhost-startStop-1] org.apache.jasper.servlet.TldScanner.scanJars At least one JAR was scanned for TLDs yet contained no TLDs. Enable debug logging for this logger for a complete list of JARs that were scanned but no TLDs were found in them. Skipping unneeded JARs during scanning can improve startup time and JSP compilation time.
12-Feb-2019 20:19:14.457 INFO [localhost-startStop-1] org.apache.catalina.startup.HostConfig.deployDirectory Deployment of web application directory [C:\Users\lewen\Documents\School\Advanced Project\apache-tomcat-8.5.37\apache-tomcat-8.5.37\webapps\examples] has finished in [1,080] ms
12-Feb-2019 20:19:14.458 INFO [localhost-startStop-1] org.apache.catalina.startup.HostConfig.deployDirectory Deploying web application directory [C:\Users\lewen\Documents\School\Advanced Project\apache-tomcat-8.5.37\apache-tomcat-8.5.37\webapps\host-manager]
12-Feb-2019 20:19:14.805 INFO [localhost-startStop-1] org.apache.jasper.servlet.TldScanner.scanJars At least one JAR was scanned for TLDs yet contained no TLDs. Enable debug logging for this logger for a complete list of JARs that were scanned but no TLDs were found in them. Skipping unneeded JARs during scanning can improve startup time and JSP compilation time.
12-Feb-2019 20:19:14.810 INFO [localhost-startStop-1] org.apache.catalina.startup.HostConfig.deployDirectory Deployment of web application directory [C:\Users\lewen\Documents\School\Advanced Project\apache-tomcat-8.5.37\apache-tomcat-8.5.37\webapps\host-manager] has finished in [352] ms
12-Feb-2019 20:19:14.812 INFO [localhost-startStop-1] org.apache.catalina.startup.HostConfig.deployDirectory Deploying web application directory [C:\Users\lewen\Documents\School\Advanced Project\apache-tomcat-8.5.37\apache-tomcat-8.5.37\webapps\manager]
12-Feb-2019 20:19:15.212 INFO [localhost-startStop-1] org.apache.jasper.servlet.TldScanner.scanJars At least one JAR was scanned for TLDs yet contained no TLDs. Enable debug logging for this logger for a complete list of JARs that were scanned but no TLDs were found in them. Skipping unneeded JARs during scanning can improve startup time and JSP compilation time.
12-Feb-2019 20:19:15.217 INFO [localhost-startStop-1] org.apache.catalina.startup.HostConfig.deployDirectory Deployment of web application directory [C:\Users\lewen\Documents\School\Advanced Project\apache-tomcat-8.5.37\apache-tomcat-8.5.37\webapps\manager] has finished in [407] ms
12-Feb-2019 20:19:15.217 INFO [localhost-startStop-1] org.apache.catalina.startup.HostConfig.deployDirectory Deploying web application directory [C:\Users\lewen\Documents\School\Advanced Project\apache-tomcat-8.5.37\apache-tomcat-8.5.37\webapps\ROOT]
12-Feb-2019 20:19:15.515 INFO [localhost-startStop-1] org.apache.jasper.servlet.TldScanner.scanJars At least one JAR was scanned for TLDs yet contained no TLDs. Enable debug logging for this logger for a complete list of JARs that were scanned but no TLDs were found in them. Skipping unneeded JARs during scanning can improve startup time and JSP compilation time.
12-Feb-2019 20:19:15.521 INFO [localhost-startStop-1] org.apache.catalina.startup.HostConfig.deployDirectory Deployment of web application directory [C:\Users\lewen\Documents\School\Advanced Project\apache-tomcat-8.5.37\apache-tomcat-8.5.37\webapps\ROOT] has finished in [304] ms
12-Feb-2019 20:19:15.528 INFO [main] org.apache.coyote.AbstractProtocol.start Starting ProtocolHandler ["http-nio-8080"]
12-Feb-2019 20:19:15.543 INFO [main] org.apache.coyote.AbstractProtocol.start Starting ProtocolHandler ["ajp-nio-8009"]
12-Feb-2019 20:19:15.548 INFO [main] org.apache.catalina.startup.Catalina.start Server startup in 3185 ms
