26-Feb-2019 11:30:10.525 INFO [main] org.apache.catalina.startup.VersionLoggerListener.log Server version:        Apache Tomcat/8.5.37
26-Feb-2019 11:30:10.555 INFO [main] org.apache.catalina.startup.VersionLoggerListener.log Server built:          Dec 12 2018 12:07:02 UTC
26-Feb-2019 11:30:10.556 INFO [main] org.apache.catalina.startup.VersionLoggerListener.log Server number:         8.5.37.0
26-Feb-2019 11:30:10.557 INFO [main] org.apache.catalina.startup.VersionLoggerListener.log OS Name:               Windows 10
26-Feb-2019 11:30:10.557 INFO [main] org.apache.catalina.startup.VersionLoggerListener.log OS Version:            10.0
26-Feb-2019 11:30:10.557 INFO [main] org.apache.catalina.startup.VersionLoggerListener.log Architecture:          amd64
26-Feb-2019 11:30:10.557 INFO [main] org.apache.catalina.startup.VersionLoggerListener.log Java Home:             C:\Program Files\Java\jdk1.8.0_191\jre
26-Feb-2019 11:30:10.558 INFO [main] org.apache.catalina.startup.VersionLoggerListener.log JVM Version:           1.8.0_191-b12
26-Feb-2019 11:30:10.558 INFO [main] org.apache.catalina.startup.VersionLoggerListener.log JVM Vendor:            Oracle Corporation
26-Feb-2019 11:30:10.558 INFO [main] org.apache.catalina.startup.VersionLoggerListener.log CATALINA_BASE:         C:\Users\lewen\Documents\School\Advanced Project\apache-tomcat-8.5.37\apache-tomcat-8.5.37
26-Feb-2019 11:30:10.558 INFO [main] org.apache.catalina.startup.VersionLoggerListener.log CATALINA_HOME:         C:\Users\lewen\Documents\School\Advanced Project\apache-tomcat-8.5.37\apache-tomcat-8.5.37
26-Feb-2019 11:30:10.559 INFO [main] org.apache.catalina.startup.VersionLoggerListener.log Command line argument: -Djava.util.logging.config.file=C:\Users\lewen\Documents\School\Advanced Project\apache-tomcat-8.5.37\apache-tomcat-8.5.37\conf\logging.properties
26-Feb-2019 11:30:10.559 INFO [main] org.apache.catalina.startup.VersionLoggerListener.log Command line argument: -Djava.util.logging.manager=org.apache.juli.ClassLoaderLogManager
26-Feb-2019 11:30:10.559 INFO [main] org.apache.catalina.startup.VersionLoggerListener.log Command line argument: -Djdk.tls.ephemeralDHKeySize=2048
26-Feb-2019 11:30:10.560 INFO [main] org.apache.catalina.startup.VersionLoggerListener.log Command line argument: -Djava.protocol.handler.pkgs=org.apache.catalina.webresources
26-Feb-2019 11:30:10.560 INFO [main] org.apache.catalina.startup.VersionLoggerListener.log Command line argument: -Dignore.endorsed.dirs=
26-Feb-2019 11:30:10.561 INFO [main] org.apache.catalina.startup.VersionLoggerListener.log Command line argument: -Dcatalina.base=C:\Users\lewen\Documents\School\Advanced Project\apache-tomcat-8.5.37\apache-tomcat-8.5.37
26-Feb-2019 11:30:10.561 INFO [main] org.apache.catalina.startup.VersionLoggerListener.log Command line argument: -Dcatalina.home=C:\Users\lewen\Documents\School\Advanced Project\apache-tomcat-8.5.37\apache-tomcat-8.5.37
26-Feb-2019 11:30:10.562 INFO [main] org.apache.catalina.startup.VersionLoggerListener.log Command line argument: -Djava.io.tmpdir=C:\Users\lewen\Documents\School\Advanced Project\apache-tomcat-8.5.37\apache-tomcat-8.5.37\temp
26-Feb-2019 11:30:10.563 INFO [main] org.apache.catalina.core.AprLifecycleListener.lifecycleEvent The APR based Apache Tomcat Native library which allows optimal performance in production environments was not found on the java.library.path: [C:\Program Files\Java\jdk1.8.0_191\bin;C:\WINDOWS\Sun\Java\bin;C:\WINDOWS\system32;C:\WINDOWS;C:\Program Files (x86)\Common Files\Oracle\Java\javapath;C:\Program Files (x86)\Intel\iCLS Client\;C:\Program Files\Intel\iCLS Client\;C:\WINDOWS\system32;C:\WINDOWS;C:\WINDOWS\System32\Wbem;C:\WINDOWS\System32\WindowsPowerShell\v1.0\;C:\Program Files (x86)\Intel\Intel(R) Management Engine Components\DAL;C:\Program Files\Intel\Intel(R) Management Engine Components\DAL;C:\Program Files (x86)\Intel\Intel(R) Management Engine Components\IPT;C:\Program Files\Intel\Intel(R) Management Engine Components\IPT;C:\WINDOWS\System32\OpenSSH\;C:\Program Files (x86)\sbt\bin;C:\Program Files\Java\jdk1.8.0_191\bin;C:\Program Files\nodejs\;C:\Users\lewen\AppData\Local\Microsoft\WindowsApps;C:\Users\lewen\AppData\Local\Programs\MiKTeX 2.9\miktex\bin\x64\;C:\Users\lewen\Documents\Work\apache-maven-3.6.0\bin;C:\Users\lewen\AppData\Roaming\npm;.]
26-Feb-2019 11:30:11.577 INFO [main] org.apache.coyote.AbstractProtocol.init Initializing ProtocolHandler ["http-nio-8080"]
26-Feb-2019 11:30:11.912 INFO [main] org.apache.tomcat.util.net.NioSelectorPool.getSharedSelector Using a shared selector for servlet write/read
26-Feb-2019 11:30:11.934 INFO [main] org.apache.coyote.AbstractProtocol.init Initializing ProtocolHandler ["ajp-nio-8009"]
26-Feb-2019 11:30:11.940 INFO [main] org.apache.tomcat.util.net.NioSelectorPool.getSharedSelector Using a shared selector for servlet write/read
26-Feb-2019 11:30:11.940 INFO [main] org.apache.catalina.startup.Catalina.load Initialization processed in 2204 ms
26-Feb-2019 11:30:11.997 INFO [main] org.apache.catalina.core.StandardService.startInternal Starting service [Catalina]
26-Feb-2019 11:30:11.998 INFO [main] org.apache.catalina.core.StandardEngine.startInternal Starting Servlet Engine: Apache Tomcat/8.5.37
26-Feb-2019 11:30:12.017 INFO [localhost-startStop-1] org.apache.catalina.startup.HostConfig.deployDirectory Deploying web application directory [C:\Users\lewen\Documents\School\Advanced Project\apache-tomcat-8.5.37\apache-tomcat-8.5.37\webapps\docs]
26-Feb-2019 11:30:12.869 INFO [localhost-startStop-1] org.apache.jasper.servlet.TldScanner.scanJars At least one JAR was scanned for TLDs yet contained no TLDs. Enable debug logging for this logger for a complete list of JARs that were scanned but no TLDs were found in them. Skipping unneeded JARs during scanning can improve startup time and JSP compilation time.
26-Feb-2019 11:30:12.944 INFO [localhost-startStop-1] org.apache.catalina.startup.HostConfig.deployDirectory Deployment of web application directory [C:\Users\lewen\Documents\School\Advanced Project\apache-tomcat-8.5.37\apache-tomcat-8.5.37\webapps\docs] has finished in [927] ms
26-Feb-2019 11:30:12.947 INFO [localhost-startStop-1] org.apache.catalina.startup.HostConfig.deployDirectory Deploying web application directory [C:\Users\lewen\Documents\School\Advanced Project\apache-tomcat-8.5.37\apache-tomcat-8.5.37\webapps\examples]
26-Feb-2019 11:30:14.900 INFO [localhost-startStop-1] org.apache.jasper.servlet.TldScanner.scanJars At least one JAR was scanned for TLDs yet contained no TLDs. Enable debug logging for this logger for a complete list of JARs that were scanned but no TLDs were found in them. Skipping unneeded JARs during scanning can improve startup time and JSP compilation time.
26-Feb-2019 11:30:14.976 INFO [localhost-startStop-1] org.apache.catalina.startup.HostConfig.deployDirectory Deployment of web application directory [C:\Users\lewen\Documents\School\Advanced Project\apache-tomcat-8.5.37\apache-tomcat-8.5.37\webapps\examples] has finished in [2,029] ms
26-Feb-2019 11:30:14.976 INFO [localhost-startStop-1] org.apache.catalina.startup.HostConfig.deployDirectory Deploying web application directory [C:\Users\lewen\Documents\School\Advanced Project\apache-tomcat-8.5.37\apache-tomcat-8.5.37\webapps\host-manager]
26-Feb-2019 11:30:15.273 INFO [localhost-startStop-1] org.apache.jasper.servlet.TldScanner.scanJars At least one JAR was scanned for TLDs yet contained no TLDs. Enable debug logging for this logger for a complete list of JARs that were scanned but no TLDs were found in them. Skipping unneeded JARs during scanning can improve startup time and JSP compilation time.
26-Feb-2019 11:30:15.278 INFO [localhost-startStop-1] org.apache.catalina.startup.HostConfig.deployDirectory Deployment of web application directory [C:\Users\lewen\Documents\School\Advanced Project\apache-tomcat-8.5.37\apache-tomcat-8.5.37\webapps\host-manager] has finished in [302] ms
26-Feb-2019 11:30:15.279 INFO [localhost-startStop-1] org.apache.catalina.startup.HostConfig.deployDirectory Deploying web application directory [C:\Users\lewen\Documents\School\Advanced Project\apache-tomcat-8.5.37\apache-tomcat-8.5.37\webapps\manager]
26-Feb-2019 11:30:15.599 INFO [localhost-startStop-1] org.apache.jasper.servlet.TldScanner.scanJars At least one JAR was scanned for TLDs yet contained no TLDs. Enable debug logging for this logger for a complete list of JARs that were scanned but no TLDs were found in them. Skipping unneeded JARs during scanning can improve startup time and JSP compilation time.
26-Feb-2019 11:30:15.604 INFO [localhost-startStop-1] org.apache.catalina.startup.HostConfig.deployDirectory Deployment of web application directory [C:\Users\lewen\Documents\School\Advanced Project\apache-tomcat-8.5.37\apache-tomcat-8.5.37\webapps\manager] has finished in [324] ms
26-Feb-2019 11:30:15.604 INFO [localhost-startStop-1] org.apache.catalina.startup.HostConfig.deployDirectory Deploying web application directory [C:\Users\lewen\Documents\School\Advanced Project\apache-tomcat-8.5.37\apache-tomcat-8.5.37\webapps\ROOT]
26-Feb-2019 11:30:15.869 INFO [localhost-startStop-1] org.apache.jasper.servlet.TldScanner.scanJars At least one JAR was scanned for TLDs yet contained no TLDs. Enable debug logging for this logger for a complete list of JARs that were scanned but no TLDs were found in them. Skipping unneeded JARs during scanning can improve startup time and JSP compilation time.
26-Feb-2019 11:30:15.872 INFO [localhost-startStop-1] org.apache.catalina.startup.HostConfig.deployDirectory Deployment of web application directory [C:\Users\lewen\Documents\School\Advanced Project\apache-tomcat-8.5.37\apache-tomcat-8.5.37\webapps\ROOT] has finished in [268] ms
26-Feb-2019 11:30:15.881 INFO [main] org.apache.coyote.AbstractProtocol.start Starting ProtocolHandler ["http-nio-8080"]
26-Feb-2019 11:30:15.895 INFO [main] org.apache.coyote.AbstractProtocol.start Starting ProtocolHandler ["ajp-nio-8009"]
26-Feb-2019 11:30:15.901 INFO [main] org.apache.catalina.startup.Catalina.start Server startup in 3959 ms
26-Feb-2019 11:56:08.263 INFO [main] org.apache.catalina.core.StandardServer.await A valid shutdown command was received via the shutdown port. Stopping the Server instance.
26-Feb-2019 11:56:08.264 INFO [main] org.apache.coyote.AbstractProtocol.pause Pausing ProtocolHandler ["http-nio-8080"]
26-Feb-2019 11:56:08.445 INFO [main] org.apache.coyote.AbstractProtocol.pause Pausing ProtocolHandler ["ajp-nio-8009"]
26-Feb-2019 11:56:08.631 INFO [main] org.apache.catalina.core.StandardService.stopInternal Stopping service [Catalina]
26-Feb-2019 11:56:08.748 INFO [main] org.apache.coyote.AbstractProtocol.stop Stopping ProtocolHandler ["http-nio-8080"]
26-Feb-2019 11:56:08.753 INFO [main] org.apache.coyote.AbstractProtocol.stop Stopping ProtocolHandler ["ajp-nio-8009"]
26-Feb-2019 11:56:08.758 INFO [main] org.apache.coyote.AbstractProtocol.destroy Destroying ProtocolHandler ["http-nio-8080"]
26-Feb-2019 11:56:08.759 INFO [main] org.apache.coyote.AbstractProtocol.destroy Destroying ProtocolHandler ["ajp-nio-8009"]
26-Feb-2019 11:56:13.992 INFO [main] org.apache.catalina.startup.VersionLoggerListener.log Server version:        Apache Tomcat/8.5.37
26-Feb-2019 11:56:13.995 INFO [main] org.apache.catalina.startup.VersionLoggerListener.log Server built:          Dec 12 2018 12:07:02 UTC
26-Feb-2019 11:56:13.995 INFO [main] org.apache.catalina.startup.VersionLoggerListener.log Server number:         8.5.37.0
26-Feb-2019 11:56:13.996 INFO [main] org.apache.catalina.startup.VersionLoggerListener.log OS Name:               Windows 10
26-Feb-2019 11:56:13.996 INFO [main] org.apache.catalina.startup.VersionLoggerListener.log OS Version:            10.0
26-Feb-2019 11:56:13.996 INFO [main] org.apache.catalina.startup.VersionLoggerListener.log Architecture:          amd64
26-Feb-2019 11:56:13.996 INFO [main] org.apache.catalina.startup.VersionLoggerListener.log Java Home:             C:\Program Files\Java\jdk1.8.0_191\jre
26-Feb-2019 11:56:13.997 INFO [main] org.apache.catalina.startup.VersionLoggerListener.log JVM Version:           1.8.0_191-b12
26-Feb-2019 11:56:13.997 INFO [main] org.apache.catalina.startup.VersionLoggerListener.log JVM Vendor:            Oracle Corporation
26-Feb-2019 11:56:13.997 INFO [main] org.apache.catalina.startup.VersionLoggerListener.log CATALINA_BASE:         C:\Users\lewen\Documents\School\Advanced Project\apache-tomcat-8.5.37\apache-tomcat-8.5.37
26-Feb-2019 11:56:13.997 INFO [main] org.apache.catalina.startup.VersionLoggerListener.log CATALINA_HOME:         C:\Users\lewen\Documents\School\Advanced Project\apache-tomcat-8.5.37\apache-tomcat-8.5.37
26-Feb-2019 11:56:13.997 INFO [main] org.apache.catalina.startup.VersionLoggerListener.log Command line argument: -Djava.util.logging.config.file=C:\Users\lewen\Documents\School\Advanced Project\apache-tomcat-8.5.37\apache-tomcat-8.5.37\conf\logging.properties
26-Feb-2019 11:56:13.998 INFO [main] org.apache.catalina.startup.VersionLoggerListener.log Command line argument: -Djava.util.logging.manager=org.apache.juli.ClassLoaderLogManager
26-Feb-2019 11:56:13.998 INFO [main] org.apache.catalina.startup.VersionLoggerListener.log Command line argument: -Djdk.tls.ephemeralDHKeySize=2048
26-Feb-2019 11:56:13.998 INFO [main] org.apache.catalina.startup.VersionLoggerListener.log Command line argument: -Djava.protocol.handler.pkgs=org.apache.catalina.webresources
26-Feb-2019 11:56:13.999 INFO [main] org.apache.catalina.startup.VersionLoggerListener.log Command line argument: -Dignore.endorsed.dirs=
26-Feb-2019 11:56:13.999 INFO [main] org.apache.catalina.startup.VersionLoggerListener.log Command line argument: -Dcatalina.base=C:\Users\lewen\Documents\School\Advanced Project\apache-tomcat-8.5.37\apache-tomcat-8.5.37
26-Feb-2019 11:56:14.000 INFO [main] org.apache.catalina.startup.VersionLoggerListener.log Command line argument: -Dcatalina.home=C:\Users\lewen\Documents\School\Advanced Project\apache-tomcat-8.5.37\apache-tomcat-8.5.37
26-Feb-2019 11:56:14.000 INFO [main] org.apache.catalina.startup.VersionLoggerListener.log Command line argument: -Djava.io.tmpdir=C:\Users\lewen\Documents\School\Advanced Project\apache-tomcat-8.5.37\apache-tomcat-8.5.37\temp
26-Feb-2019 11:56:14.001 INFO [main] org.apache.catalina.core.AprLifecycleListener.lifecycleEvent The APR based Apache Tomcat Native library which allows optimal performance in production environments was not found on the java.library.path: [C:\Program Files\Java\jdk1.8.0_191\bin;C:\WINDOWS\Sun\Java\bin;C:\WINDOWS\system32;C:\WINDOWS;C:\Program Files (x86)\Common Files\Oracle\Java\javapath;C:\Program Files (x86)\Intel\iCLS Client\;C:\Program Files\Intel\iCLS Client\;C:\WINDOWS\system32;C:\WINDOWS;C:\WINDOWS\System32\Wbem;C:\WINDOWS\System32\WindowsPowerShell\v1.0\;C:\Program Files (x86)\Intel\Intel(R) Management Engine Components\DAL;C:\Program Files\Intel\Intel(R) Management Engine Components\DAL;C:\Program Files (x86)\Intel\Intel(R) Management Engine Components\IPT;C:\Program Files\Intel\Intel(R) Management Engine Components\IPT;C:\WINDOWS\System32\OpenSSH\;C:\Program Files (x86)\sbt\bin;C:\Program Files\Java\jdk1.8.0_191\bin;C:\Program Files\nodejs\;C:\Users\lewen\AppData\Local\Microsoft\WindowsApps;C:\Users\lewen\AppData\Local\Programs\MiKTeX 2.9\miktex\bin\x64\;C:\Users\lewen\Documents\Work\apache-maven-3.6.0\bin;C:\Users\lewen\AppData\Roaming\npm;.]
26-Feb-2019 11:56:14.196 INFO [main] org.apache.coyote.AbstractProtocol.init Initializing ProtocolHandler ["http-nio-8080"]
26-Feb-2019 11:56:14.487 INFO [main] org.apache.tomcat.util.net.NioSelectorPool.getSharedSelector Using a shared selector for servlet write/read
26-Feb-2019 11:56:14.501 INFO [main] org.apache.coyote.AbstractProtocol.init Initializing ProtocolHandler ["ajp-nio-8009"]
26-Feb-2019 11:56:14.506 INFO [main] org.apache.tomcat.util.net.NioSelectorPool.getSharedSelector Using a shared selector for servlet write/read
26-Feb-2019 11:56:14.506 INFO [main] org.apache.catalina.startup.Catalina.load Initialization processed in 1058 ms
26-Feb-2019 11:56:14.539 INFO [main] org.apache.catalina.core.StandardService.startInternal Starting service [Catalina]
26-Feb-2019 11:56:14.539 INFO [main] org.apache.catalina.core.StandardEngine.startInternal Starting Servlet Engine: Apache Tomcat/8.5.37
26-Feb-2019 11:56:14.556 INFO [localhost-startStop-1] org.apache.catalina.startup.HostConfig.deployDirectory Deploying web application directory [C:\Users\lewen\Documents\School\Advanced Project\apache-tomcat-8.5.37\apache-tomcat-8.5.37\webapps\docs]
26-Feb-2019 11:56:15.204 INFO [localhost-startStop-1] org.apache.jasper.servlet.TldScanner.scanJars At least one JAR was scanned for TLDs yet contained no TLDs. Enable debug logging for this logger for a complete list of JARs that were scanned but no TLDs were found in them. Skipping unneeded JARs during scanning can improve startup time and JSP compilation time.
26-Feb-2019 11:56:15.276 INFO [localhost-startStop-1] org.apache.catalina.startup.HostConfig.deployDirectory Deployment of web application directory [C:\Users\lewen\Documents\School\Advanced Project\apache-tomcat-8.5.37\apache-tomcat-8.5.37\webapps\docs] has finished in [720] ms
26-Feb-2019 11:56:15.279 INFO [localhost-startStop-1] org.apache.catalina.startup.HostConfig.deployDirectory Deploying web application directory [C:\Users\lewen\Documents\School\Advanced Project\apache-tomcat-8.5.37\apache-tomcat-8.5.37\webapps\examples]
26-Feb-2019 11:56:15.975 INFO [localhost-startStop-1] org.apache.jasper.servlet.TldScanner.scanJars At least one JAR was scanned for TLDs yet contained no TLDs. Enable debug logging for this logger for a complete list of JARs that were scanned but no TLDs were found in them. Skipping unneeded JARs during scanning can improve startup time and JSP compilation time.
26-Feb-2019 11:56:16.052 INFO [localhost-startStop-1] org.apache.catalina.startup.HostConfig.deployDirectory Deployment of web application directory [C:\Users\lewen\Documents\School\Advanced Project\apache-tomcat-8.5.37\apache-tomcat-8.5.37\webapps\examples] has finished in [773] ms
26-Feb-2019 11:56:16.053 INFO [localhost-startStop-1] org.apache.catalina.startup.HostConfig.deployDirectory Deploying web application directory [C:\Users\lewen\Documents\School\Advanced Project\apache-tomcat-8.5.37\apache-tomcat-8.5.37\webapps\host-manager]
26-Feb-2019 11:56:16.336 INFO [localhost-startStop-1] org.apache.jasper.servlet.TldScanner.scanJars At least one JAR was scanned for TLDs yet contained no TLDs. Enable debug logging for this logger for a complete list of JARs that were scanned but no TLDs were found in them. Skipping unneeded JARs during scanning can improve startup time and JSP compilation time.
26-Feb-2019 11:56:16.342 INFO [localhost-startStop-1] org.apache.catalina.startup.HostConfig.deployDirectory Deployment of web application directory [C:\Users\lewen\Documents\School\Advanced Project\apache-tomcat-8.5.37\apache-tomcat-8.5.37\webapps\host-manager] has finished in [289] ms
26-Feb-2019 11:56:16.343 INFO [localhost-startStop-1] org.apache.catalina.startup.HostConfig.deployDirectory Deploying web application directory [C:\Users\lewen\Documents\School\Advanced Project\apache-tomcat-8.5.37\apache-tomcat-8.5.37\webapps\manager]
26-Feb-2019 11:56:16.647 INFO [localhost-startStop-1] org.apache.jasper.servlet.TldScanner.scanJars At least one JAR was scanned for TLDs yet contained no TLDs. Enable debug logging for this logger for a complete list of JARs that were scanned but no TLDs were found in them. Skipping unneeded JARs during scanning can improve startup time and JSP compilation time.
26-Feb-2019 11:56:16.652 INFO [localhost-startStop-1] org.apache.catalina.startup.HostConfig.deployDirectory Deployment of web application directory [C:\Users\lewen\Documents\School\Advanced Project\apache-tomcat-8.5.37\apache-tomcat-8.5.37\webapps\manager] has finished in [309] ms
26-Feb-2019 11:56:16.653 INFO [localhost-startStop-1] org.apache.catalina.startup.HostConfig.deployDirectory Deploying web application directory [C:\Users\lewen\Documents\School\Advanced Project\apache-tomcat-8.5.37\apache-tomcat-8.5.37\webapps\ROOT]
26-Feb-2019 11:56:16.919 INFO [localhost-startStop-1] org.apache.jasper.servlet.TldScanner.scanJars At least one JAR was scanned for TLDs yet contained no TLDs. Enable debug logging for this logger for a complete list of JARs that were scanned but no TLDs were found in them. Skipping unneeded JARs during scanning can improve startup time and JSP compilation time.
26-Feb-2019 11:56:16.953 INFO [localhost-startStop-1] org.apache.catalina.startup.HostConfig.deployDirectory Deployment of web application directory [C:\Users\lewen\Documents\School\Advanced Project\apache-tomcat-8.5.37\apache-tomcat-8.5.37\webapps\ROOT] has finished in [300] ms
26-Feb-2019 11:56:16.958 INFO [main] org.apache.coyote.AbstractProtocol.start Starting ProtocolHandler ["http-nio-8080"]
26-Feb-2019 11:56:16.972 INFO [main] org.apache.coyote.AbstractProtocol.start Starting ProtocolHandler ["ajp-nio-8009"]
26-Feb-2019 11:56:16.977 INFO [main] org.apache.catalina.startup.Catalina.start Server startup in 2470 ms
