01-Apr-2019 17:41:47.813 INFO [main] org.apache.catalina.startup.VersionLoggerListener.log Server version:        Apache Tomcat/8.5.37
01-Apr-2019 17:41:47.840 INFO [main] org.apache.catalina.startup.VersionLoggerListener.log Server built:          Dec 12 2018 12:07:02 UTC
01-Apr-2019 17:41:47.850 INFO [main] org.apache.catalina.startup.VersionLoggerListener.log Server number:         8.5.37.0
01-Apr-2019 17:41:47.850 INFO [main] org.apache.catalina.startup.VersionLoggerListener.log OS Name:               Windows 10
01-Apr-2019 17:41:47.850 INFO [main] org.apache.catalina.startup.VersionLoggerListener.log OS Version:            10.0
01-Apr-2019 17:41:47.850 INFO [main] org.apache.catalina.startup.VersionLoggerListener.log Architecture:          amd64
01-Apr-2019 17:41:47.850 INFO [main] org.apache.catalina.startup.VersionLoggerListener.log Java Home:             C:\Program Files\Java\jdk1.8.0_191\jre
01-Apr-2019 17:41:47.850 INFO [main] org.apache.catalina.startup.VersionLoggerListener.log JVM Version:           1.8.0_191-b12
01-Apr-2019 17:41:47.850 INFO [main] org.apache.catalina.startup.VersionLoggerListener.log JVM Vendor:            Oracle Corporation
01-Apr-2019 17:41:47.850 INFO [main] org.apache.catalina.startup.VersionLoggerListener.log CATALINA_BASE:         C:\Users\lewen\Documents\School\Advanced Project\apache-tomcat-8.5.37\apache-tomcat-8.5.37
01-Apr-2019 17:41:47.850 INFO [main] org.apache.catalina.startup.VersionLoggerListener.log CATALINA_HOME:         C:\Users\lewen\Documents\School\Advanced Project\apache-tomcat-8.5.37\apache-tomcat-8.5.37
01-Apr-2019 17:41:47.850 INFO [main] org.apache.catalina.startup.VersionLoggerListener.log Command line argument: -Djava.util.logging.config.file=C:\Users\lewen\Documents\School\Advanced Project\apache-tomcat-8.5.37\apache-tomcat-8.5.37\conf\logging.properties
01-Apr-2019 17:41:47.850 INFO [main] org.apache.catalina.startup.VersionLoggerListener.log Command line argument: -Djava.util.logging.manager=org.apache.juli.ClassLoaderLogManager
01-Apr-2019 17:41:47.853 INFO [main] org.apache.catalina.startup.VersionLoggerListener.log Command line argument: -Djdk.tls.ephemeralDHKeySize=2048
01-Apr-2019 17:41:47.853 INFO [main] org.apache.catalina.startup.VersionLoggerListener.log Command line argument: -Djava.protocol.handler.pkgs=org.apache.catalina.webresources
01-Apr-2019 17:41:47.853 INFO [main] org.apache.catalina.startup.VersionLoggerListener.log Command line argument: -Dignore.endorsed.dirs=
01-Apr-2019 17:41:47.853 INFO [main] org.apache.catalina.startup.VersionLoggerListener.log Command line argument: -Dcatalina.base=C:\Users\lewen\Documents\School\Advanced Project\apache-tomcat-8.5.37\apache-tomcat-8.5.37
01-Apr-2019 17:41:47.853 INFO [main] org.apache.catalina.startup.VersionLoggerListener.log Command line argument: -Dcatalina.home=C:\Users\lewen\Documents\School\Advanced Project\apache-tomcat-8.5.37\apache-tomcat-8.5.37
01-Apr-2019 17:41:47.853 INFO [main] org.apache.catalina.startup.VersionLoggerListener.log Command line argument: -Djava.io.tmpdir=C:\Users\lewen\Documents\School\Advanced Project\apache-tomcat-8.5.37\apache-tomcat-8.5.37\temp
01-Apr-2019 17:41:47.853 INFO [main] org.apache.catalina.core.AprLifecycleListener.lifecycleEvent The APR based Apache Tomcat Native library which allows optimal performance in production environments was not found on the java.library.path: [C:\Program Files\Java\jdk1.8.0_191\bin;C:\WINDOWS\Sun\Java\bin;C:\WINDOWS\system32;C:\WINDOWS;C:\Program Files (x86)\Common Files\Oracle\Java\javapath;C:\Program Files (x86)\Intel\iCLS Client\;C:\Program Files\Intel\iCLS Client\;C:\WINDOWS\system32;C:\WINDOWS;C:\WINDOWS\System32\Wbem;C:\WINDOWS\System32\WindowsPowerShell\v1.0\;C:\Program Files (x86)\Intel\Intel(R) Management Engine Components\DAL;C:\Program Files\Intel\Intel(R) Management Engine Components\DAL;C:\Program Files (x86)\Intel\Intel(R) Management Engine Components\IPT;C:\Program Files\Intel\Intel(R) Management Engine Components\IPT;C:\WINDOWS\System32\OpenSSH\;C:\Program Files (x86)\sbt\bin;C:\Program Files\Java\jdk1.8.0_191\bin;C:\Program Files\nodejs\;C:\Users\lewen\AppData\Local\Microsoft\WindowsApps;C:\Users\lewen\AppData\Local\Programs\MiKTeX 2.9\miktex\bin\x64\;C:\Users\lewen\Documents\Work\apache-maven-3.6.0\bin;C:\Users\lewen\AppData\Roaming\npm;.]
01-Apr-2019 17:41:49.140 INFO [main] org.apache.coyote.AbstractProtocol.init Initializing ProtocolHandler ["http-nio-8080"]
01-Apr-2019 17:41:49.354 INFO [main] org.apache.tomcat.util.net.NioSelectorPool.getSharedSelector Using a shared selector for servlet write/read
01-Apr-2019 17:41:49.364 INFO [main] org.apache.coyote.AbstractProtocol.init Initializing ProtocolHandler ["ajp-nio-8009"]
01-Apr-2019 17:41:49.364 INFO [main] org.apache.tomcat.util.net.NioSelectorPool.getSharedSelector Using a shared selector for servlet write/read
01-Apr-2019 17:41:49.370 INFO [main] org.apache.catalina.startup.Catalina.load Initialization processed in 2009 ms
01-Apr-2019 17:41:49.399 INFO [main] org.apache.catalina.core.StandardService.startInternal Starting service [Catalina]
01-Apr-2019 17:41:49.399 INFO [main] org.apache.catalina.core.StandardEngine.startInternal Starting Servlet Engine: Apache Tomcat/8.5.37
01-Apr-2019 17:41:49.409 INFO [localhost-startStop-1] org.apache.catalina.startup.HostConfig.deployDirectory Deploying web application directory [C:\Users\lewen\Documents\School\Advanced Project\apache-tomcat-8.5.37\apache-tomcat-8.5.37\webapps\docs]
01-Apr-2019 17:41:50.660 INFO [localhost-startStop-1] org.apache.jasper.servlet.TldScanner.scanJars At least one JAR was scanned for TLDs yet contained no TLDs. Enable debug logging for this logger for a complete list of JARs that were scanned but no TLDs were found in them. Skipping unneeded JARs during scanning can improve startup time and JSP compilation time.
01-Apr-2019 17:41:50.699 INFO [localhost-startStop-1] org.apache.catalina.startup.HostConfig.deployDirectory Deployment of web application directory [C:\Users\lewen\Documents\School\Advanced Project\apache-tomcat-8.5.37\apache-tomcat-8.5.37\webapps\docs] has finished in [1,290] ms
01-Apr-2019 17:41:50.699 INFO [localhost-startStop-1] org.apache.catalina.startup.HostConfig.deployDirectory Deploying web application directory [C:\Users\lewen\Documents\School\Advanced Project\apache-tomcat-8.5.37\apache-tomcat-8.5.37\webapps\examples]
01-Apr-2019 17:41:51.783 INFO [localhost-startStop-1] org.apache.jasper.servlet.TldScanner.scanJars At least one JAR was scanned for TLDs yet contained no TLDs. Enable debug logging for this logger for a complete list of JARs that were scanned but no TLDs were found in them. Skipping unneeded JARs during scanning can improve startup time and JSP compilation time.
01-Apr-2019 17:41:51.820 INFO [localhost-startStop-1] org.apache.catalina.startup.HostConfig.deployDirectory Deployment of web application directory [C:\Users\lewen\Documents\School\Advanced Project\apache-tomcat-8.5.37\apache-tomcat-8.5.37\webapps\examples] has finished in [1,121] ms
01-Apr-2019 17:41:51.820 INFO [localhost-startStop-1] org.apache.catalina.startup.HostConfig.deployDirectory Deploying web application directory [C:\Users\lewen\Documents\School\Advanced Project\apache-tomcat-8.5.37\apache-tomcat-8.5.37\webapps\host-manager]
01-Apr-2019 17:41:51.970 INFO [localhost-startStop-1] org.apache.jasper.servlet.TldScanner.scanJars At least one JAR was scanned for TLDs yet contained no TLDs. Enable debug logging for this logger for a complete list of JARs that were scanned but no TLDs were found in them. Skipping unneeded JARs during scanning can improve startup time and JSP compilation time.
01-Apr-2019 17:41:51.970 INFO [localhost-startStop-1] org.apache.catalina.startup.HostConfig.deployDirectory Deployment of web application directory [C:\Users\lewen\Documents\School\Advanced Project\apache-tomcat-8.5.37\apache-tomcat-8.5.37\webapps\host-manager] has finished in [150] ms
01-Apr-2019 17:41:51.979 INFO [localhost-startStop-1] org.apache.catalina.startup.HostConfig.deployDirectory Deploying web application directory [C:\Users\lewen\Documents\School\Advanced Project\apache-tomcat-8.5.37\apache-tomcat-8.5.37\webapps\manager]
01-Apr-2019 17:41:52.160 INFO [localhost-startStop-1] org.apache.jasper.servlet.TldScanner.scanJars At least one JAR was scanned for TLDs yet contained no TLDs. Enable debug logging for this logger for a complete list of JARs that were scanned but no TLDs were found in them. Skipping unneeded JARs during scanning can improve startup time and JSP compilation time.
01-Apr-2019 17:41:52.160 INFO [localhost-startStop-1] org.apache.catalina.startup.HostConfig.deployDirectory Deployment of web application directory [C:\Users\lewen\Documents\School\Advanced Project\apache-tomcat-8.5.37\apache-tomcat-8.5.37\webapps\manager] has finished in [190] ms
01-Apr-2019 17:41:52.160 INFO [localhost-startStop-1] org.apache.catalina.startup.HostConfig.deployDirectory Deploying web application directory [C:\Users\lewen\Documents\School\Advanced Project\apache-tomcat-8.5.37\apache-tomcat-8.5.37\webapps\ROOT]
01-Apr-2019 17:41:52.299 INFO [localhost-startStop-1] org.apache.jasper.servlet.TldScanner.scanJars At least one JAR was scanned for TLDs yet contained no TLDs. Enable debug logging for this logger for a complete list of JARs that were scanned but no TLDs were found in them. Skipping unneeded JARs during scanning can improve startup time and JSP compilation time.
01-Apr-2019 17:41:52.301 INFO [localhost-startStop-1] org.apache.catalina.startup.HostConfig.deployDirectory Deployment of web application directory [C:\Users\lewen\Documents\School\Advanced Project\apache-tomcat-8.5.37\apache-tomcat-8.5.37\webapps\ROOT] has finished in [141] ms
01-Apr-2019 17:41:52.320 INFO [main] org.apache.coyote.AbstractProtocol.start Starting ProtocolHandler ["http-nio-8080"]
01-Apr-2019 17:41:52.330 INFO [main] org.apache.coyote.AbstractProtocol.start Starting ProtocolHandler ["ajp-nio-8009"]
01-Apr-2019 17:41:52.330 INFO [main] org.apache.catalina.startup.Catalina.start Server startup in 2963 ms
