13-Mar-2019 17:10:16.372 INFO [localhost-startStop-1] org.apache.catalina.core.ApplicationContext.log ContextListener: contextInitialized()
13-Mar-2019 17:10:16.372 INFO [localhost-startStop-1] org.apache.catalina.core.ApplicationContext.log SessionListener: contextInitialized()
13-Mar-2019 17:10:16.376 INFO [localhost-startStop-1] org.apache.catalina.core.ApplicationContext.log ContextListener: attributeAdded('StockTicker', 'async.Stockticker@146e7f4c')
13-Mar-2019 17:37:55.264 SEVERE [http-nio-8080-exec-4] org.apache.catalina.core.StandardWrapperValve.invoke Servlet.service() for servlet [jsp] in context with path [] threw exception [Unable to compile class for JSP: 

An error occurred at line: [78] in the jsp file: [/jsp/forumPosts.jsp]
Syntax error, insert ";" to complete LocalVariableDeclarationStatement
75: while(rs.next())
76: {
77: 	String currentTitle = rs.getString("Title");
78: 	String datePosted = "date"//rs.getString("timeStamp");
79: 	out.println("<a href = singlePost.jsp ><tr> <td>"+currentTitle+"</td><td>"+datePosted+"</td></tr></a>");
80: }
81:   } catch(Exception e) {


Stacktrace:] with root cause
 org.apache.jasper.JasperException: Unable to compile class for JSP: 

An error occurred at line: [78] in the jsp file: [/jsp/forumPosts.jsp]
Syntax error, insert ";" to complete LocalVariableDeclarationStatement
75: while(rs.next())
76: {
77: 	String currentTitle = rs.getString("Title");
78: 	String datePosted = "date"//rs.getString("timeStamp");
79: 	out.println("<a href = singlePost.jsp ><tr> <td>"+currentTitle+"</td><td>"+datePosted+"</td></tr></a>");
80: }
81:   } catch(Exception e) {


Stacktrace:
	at org.apache.jasper.compiler.DefaultErrorHandler.javacError(DefaultErrorHandler.java:102)
	at org.apache.jasper.compiler.ErrorDispatcher.javacError(ErrorDispatcher.java:212)
	at org.apache.jasper.compiler.JDTCompiler.generateClass(JDTCompiler.java:495)
	at org.apache.jasper.compiler.Compiler.compile(Compiler.java:378)
	at org.apache.jasper.compiler.Compiler.compile(Compiler.java:350)
	at org.apache.jasper.compiler.Compiler.compile(Compiler.java:334)
	at org.apache.jasper.JspCompilationContext.compile(JspCompilationContext.java:595)
	at org.apache.jasper.servlet.JspServletWrapper.service(JspServletWrapper.java:399)
	at org.apache.jasper.servlet.JspServlet.serviceJspFile(JspServlet.java:386)
	at org.apache.jasper.servlet.JspServlet.service(JspServlet.java:330)
	at javax.servlet.http.HttpServlet.service(HttpServlet.java:742)
	at org.apache.catalina.core.ApplicationFilterChain.internalDoFilter(ApplicationFilterChain.java:231)
	at org.apache.catalina.core.ApplicationFilterChain.doFilter(ApplicationFilterChain.java:166)
	at org.apache.tomcat.websocket.server.WsFilter.doFilter(WsFilter.java:52)
	at org.apache.catalina.core.ApplicationFilterChain.internalDoFilter(ApplicationFilterChain.java:193)
	at org.apache.catalina.core.ApplicationFilterChain.doFilter(ApplicationFilterChain.java:166)
	at org.apache.catalina.core.StandardWrapperValve.invoke(StandardWrapperValve.java:198)
	at org.apache.catalina.core.StandardContextValve.invoke(StandardContextValve.java:96)
	at org.apache.catalina.authenticator.AuthenticatorBase.invoke(AuthenticatorBase.java:493)
	at org.apache.catalina.core.StandardHostValve.invoke(StandardHostValve.java:140)
	at org.apache.catalina.valves.ErrorReportValve.invoke(ErrorReportValve.java:81)
	at org.apache.catalina.valves.AbstractAccessLogValve.invoke(AbstractAccessLogValve.java:650)
	at org.apache.catalina.core.StandardEngineValve.invoke(StandardEngineValve.java:87)
	at org.apache.catalina.connector.CoyoteAdapter.service(CoyoteAdapter.java:342)
	at org.apache.coyote.http11.Http11Processor.service(Http11Processor.java:800)
	at org.apache.coyote.AbstractProcessorLight.process(AbstractProcessorLight.java:66)
	at org.apache.coyote.AbstractProtocol$ConnectionHandler.process(AbstractProtocol.java:806)
	at org.apache.tomcat.util.net.NioEndpoint$SocketProcessor.doRun(NioEndpoint.java:1498)
	at org.apache.tomcat.util.net.SocketProcessorBase.run(SocketProcessorBase.java:49)
	at java.util.concurrent.ThreadPoolExecutor.runWorker(ThreadPoolExecutor.java:1149)
	at java.util.concurrent.ThreadPoolExecutor$Worker.run(ThreadPoolExecutor.java:624)
	at org.apache.tomcat.util.threads.TaskThread$WrappingRunnable.run(TaskThread.java:61)
	at java.lang.Thread.run(Thread.java:748)

13-Mar-2019 17:54:51.125 SEVERE [http-nio-8080-exec-2] org.apache.catalina.core.StandardWrapperValve.invoke Servlet.service() for servlet [jsp] in context with path [] threw exception [Unable to compile class for JSP: 

An error occurred at line: [84] in the jsp file: [/jsp/singlePost.jsp]
String literal is not properly closed by a double-quote
81: 				String datePosted = "date";//rs.getString("timeStamp");
82: 				String content = rs.getString("postContent");
83: 				posterID = rs.getString("posterID");
84: 				out.println("<h1>"+currentTitle+"</h1><p>"+content+"</p>);
85: 			}
86: 			
87: 			sql = "SELECT firstName From users WHERE userID = ?";


Stacktrace:] with root cause
 org.apache.jasper.JasperException: Unable to compile class for JSP: 

An error occurred at line: [84] in the jsp file: [/jsp/singlePost.jsp]
String literal is not properly closed by a double-quote
81: 				String datePosted = "date";//rs.getString("timeStamp");
82: 				String content = rs.getString("postContent");
83: 				posterID = rs.getString("posterID");
84: 				out.println("<h1>"+currentTitle+"</h1><p>"+content+"</p>);
85: 			}
86: 			
87: 			sql = "SELECT firstName From users WHERE userID = ?";


Stacktrace:
	at org.apache.jasper.compiler.DefaultErrorHandler.javacError(DefaultErrorHandler.java:102)
	at org.apache.jasper.compiler.ErrorDispatcher.javacError(ErrorDispatcher.java:212)
	at org.apache.jasper.compiler.JDTCompiler.generateClass(JDTCompiler.java:495)
	at org.apache.jasper.compiler.Compiler.compile(Compiler.java:378)
	at org.apache.jasper.compiler.Compiler.compile(Compiler.java:350)
	at org.apache.jasper.compiler.Compiler.compile(Compiler.java:334)
	at org.apache.jasper.JspCompilationContext.compile(JspCompilationContext.java:595)
	at org.apache.jasper.servlet.JspServletWrapper.service(JspServletWrapper.java:399)
	at org.apache.jasper.servlet.JspServlet.serviceJspFile(JspServlet.java:386)
	at org.apache.jasper.servlet.JspServlet.service(JspServlet.java:330)
	at javax.servlet.http.HttpServlet.service(HttpServlet.java:742)
	at org.apache.catalina.core.ApplicationFilterChain.internalDoFilter(ApplicationFilterChain.java:231)
	at org.apache.catalina.core.ApplicationFilterChain.doFilter(ApplicationFilterChain.java:166)
	at org.apache.tomcat.websocket.server.WsFilter.doFilter(WsFilter.java:52)
	at org.apache.catalina.core.ApplicationFilterChain.internalDoFilter(ApplicationFilterChain.java:193)
	at org.apache.catalina.core.ApplicationFilterChain.doFilter(ApplicationFilterChain.java:166)
	at org.apache.catalina.core.StandardWrapperValve.invoke(StandardWrapperValve.java:198)
	at org.apache.catalina.core.StandardContextValve.invoke(StandardContextValve.java:96)
	at org.apache.catalina.authenticator.AuthenticatorBase.invoke(AuthenticatorBase.java:493)
	at org.apache.catalina.core.StandardHostValve.invoke(StandardHostValve.java:140)
	at org.apache.catalina.valves.ErrorReportValve.invoke(ErrorReportValve.java:81)
	at org.apache.catalina.valves.AbstractAccessLogValve.invoke(AbstractAccessLogValve.java:650)
	at org.apache.catalina.core.StandardEngineValve.invoke(StandardEngineValve.java:87)
	at org.apache.catalina.connector.CoyoteAdapter.service(CoyoteAdapter.java:342)
	at org.apache.coyote.http11.Http11Processor.service(Http11Processor.java:800)
	at org.apache.coyote.AbstractProcessorLight.process(AbstractProcessorLight.java:66)
	at org.apache.coyote.AbstractProtocol$ConnectionHandler.process(AbstractProtocol.java:806)
	at org.apache.tomcat.util.net.NioEndpoint$SocketProcessor.doRun(NioEndpoint.java:1498)
	at org.apache.tomcat.util.net.SocketProcessorBase.run(SocketProcessorBase.java:49)
	at java.util.concurrent.ThreadPoolExecutor.runWorker(ThreadPoolExecutor.java:1149)
	at java.util.concurrent.ThreadPoolExecutor$Worker.run(ThreadPoolExecutor.java:624)
	at org.apache.tomcat.util.threads.TaskThread$WrappingRunnable.run(TaskThread.java:61)
	at java.lang.Thread.run(Thread.java:748)

13-Mar-2019 17:55:13.896 SEVERE [http-nio-8080-exec-8] org.apache.catalina.core.StandardWrapperValve.invoke Servlet.service() for servlet [jsp] in context with path [] threw exception [Unable to compile class for JSP: 

An error occurred at line: [100] in the jsp file: [/jsp/singlePost.jsp]
Syntax error, insert ";" to complete Statement
97: 				out.println("<p> posted by "+name+"</p>");
98: 			}
99: 
100: 			sql = "SELECT * FROM comments WHERE postID = ?"
101: 			
102: 			ps = conn.prepareStatement(sql);
103: 			ps.setString(1, postID);


Stacktrace:] with root cause
 org.apache.jasper.JasperException: Unable to compile class for JSP: 

An error occurred at line: [100] in the jsp file: [/jsp/singlePost.jsp]
Syntax error, insert ";" to complete Statement
97: 				out.println("<p> posted by "+name+"</p>");
98: 			}
99: 
100: 			sql = "SELECT * FROM comments WHERE postID = ?"
101: 			
102: 			ps = conn.prepareStatement(sql);
103: 			ps.setString(1, postID);


Stacktrace:
	at org.apache.jasper.compiler.DefaultErrorHandler.javacError(DefaultErrorHandler.java:102)
	at org.apache.jasper.compiler.ErrorDispatcher.javacError(ErrorDispatcher.java:212)
	at org.apache.jasper.compiler.JDTCompiler.generateClass(JDTCompiler.java:495)
	at org.apache.jasper.compiler.Compiler.compile(Compiler.java:378)
	at org.apache.jasper.compiler.Compiler.compile(Compiler.java:350)
	at org.apache.jasper.compiler.Compiler.compile(Compiler.java:334)
	at org.apache.jasper.JspCompilationContext.compile(JspCompilationContext.java:595)
	at org.apache.jasper.servlet.JspServletWrapper.service(JspServletWrapper.java:399)
	at org.apache.jasper.servlet.JspServlet.serviceJspFile(JspServlet.java:386)
	at org.apache.jasper.servlet.JspServlet.service(JspServlet.java:330)
	at javax.servlet.http.HttpServlet.service(HttpServlet.java:742)
	at org.apache.catalina.core.ApplicationFilterChain.internalDoFilter(ApplicationFilterChain.java:231)
	at org.apache.catalina.core.ApplicationFilterChain.doFilter(ApplicationFilterChain.java:166)
	at org.apache.tomcat.websocket.server.WsFilter.doFilter(WsFilter.java:52)
	at org.apache.catalina.core.ApplicationFilterChain.internalDoFilter(ApplicationFilterChain.java:193)
	at org.apache.catalina.core.ApplicationFilterChain.doFilter(ApplicationFilterChain.java:166)
	at org.apache.catalina.core.StandardWrapperValve.invoke(StandardWrapperValve.java:198)
	at org.apache.catalina.core.StandardContextValve.invoke(StandardContextValve.java:96)
	at org.apache.catalina.authenticator.AuthenticatorBase.invoke(AuthenticatorBase.java:493)
	at org.apache.catalina.core.StandardHostValve.invoke(StandardHostValve.java:140)
	at org.apache.catalina.valves.ErrorReportValve.invoke(ErrorReportValve.java:81)
	at org.apache.catalina.valves.AbstractAccessLogValve.invoke(AbstractAccessLogValve.java:650)
	at org.apache.catalina.core.StandardEngineValve.invoke(StandardEngineValve.java:87)
	at org.apache.catalina.connector.CoyoteAdapter.service(CoyoteAdapter.java:342)
	at org.apache.coyote.http11.Http11Processor.service(Http11Processor.java:800)
	at org.apache.coyote.AbstractProcessorLight.process(AbstractProcessorLight.java:66)
	at org.apache.coyote.AbstractProtocol$ConnectionHandler.process(AbstractProtocol.java:806)
	at org.apache.tomcat.util.net.NioEndpoint$SocketProcessor.doRun(NioEndpoint.java:1498)
	at org.apache.tomcat.util.net.SocketProcessorBase.run(SocketProcessorBase.java:49)
	at java.util.concurrent.ThreadPoolExecutor.runWorker(ThreadPoolExecutor.java:1149)
	at java.util.concurrent.ThreadPoolExecutor$Worker.run(ThreadPoolExecutor.java:624)
	at org.apache.tomcat.util.threads.TaskThread$WrappingRunnable.run(TaskThread.java:61)
	at java.lang.Thread.run(Thread.java:748)

13-Mar-2019 17:55:33.222 SEVERE [http-nio-8080-exec-6] org.apache.catalina.core.StandardWrapperValve.invoke Servlet.service() for servlet [jsp] in context with path [] threw exception [Unable to compile class for JSP: 

An error occurred at line: [90] in the jsp file: [/jsp/singlePost.jsp]
The local variable posterID may not have been initialized
87: 			sql = "SELECT firstName From users WHERE userID = ?";
88: 			
89: 			ps = conn.prepareStatement(sql);
90: 			ps.setString(1, posterID);
91: 			
92: 			rs = ps.executeQuery();
93: 			


Stacktrace:] with root cause
 org.apache.jasper.JasperException: Unable to compile class for JSP: 

An error occurred at line: [90] in the jsp file: [/jsp/singlePost.jsp]
The local variable posterID may not have been initialized
87: 			sql = "SELECT firstName From users WHERE userID = ?";
88: 			
89: 			ps = conn.prepareStatement(sql);
90: 			ps.setString(1, posterID);
91: 			
92: 			rs = ps.executeQuery();
93: 			


Stacktrace:
	at org.apache.jasper.compiler.DefaultErrorHandler.javacError(DefaultErrorHandler.java:102)
	at org.apache.jasper.compiler.ErrorDispatcher.javacError(ErrorDispatcher.java:212)
	at org.apache.jasper.compiler.JDTCompiler.generateClass(JDTCompiler.java:495)
	at org.apache.jasper.compiler.Compiler.compile(Compiler.java:378)
	at org.apache.jasper.compiler.Compiler.compile(Compiler.java:350)
	at org.apache.jasper.compiler.Compiler.compile(Compiler.java:334)
	at org.apache.jasper.JspCompilationContext.compile(JspCompilationContext.java:595)
	at org.apache.jasper.servlet.JspServletWrapper.service(JspServletWrapper.java:399)
	at org.apache.jasper.servlet.JspServlet.serviceJspFile(JspServlet.java:386)
	at org.apache.jasper.servlet.JspServlet.service(JspServlet.java:330)
	at javax.servlet.http.HttpServlet.service(HttpServlet.java:742)
	at org.apache.catalina.core.ApplicationFilterChain.internalDoFilter(ApplicationFilterChain.java:231)
	at org.apache.catalina.core.ApplicationFilterChain.doFilter(ApplicationFilterChain.java:166)
	at org.apache.tomcat.websocket.server.WsFilter.doFilter(WsFilter.java:52)
	at org.apache.catalina.core.ApplicationFilterChain.internalDoFilter(ApplicationFilterChain.java:193)
	at org.apache.catalina.core.ApplicationFilterChain.doFilter(ApplicationFilterChain.java:166)
	at org.apache.catalina.core.StandardWrapperValve.invoke(StandardWrapperValve.java:198)
	at org.apache.catalina.core.StandardContextValve.invoke(StandardContextValve.java:96)
	at org.apache.catalina.authenticator.AuthenticatorBase.invoke(AuthenticatorBase.java:493)
	at org.apache.catalina.core.StandardHostValve.invoke(StandardHostValve.java:140)
	at org.apache.catalina.valves.ErrorReportValve.invoke(ErrorReportValve.java:81)
	at org.apache.catalina.valves.AbstractAccessLogValve.invoke(AbstractAccessLogValve.java:650)
	at org.apache.catalina.core.StandardEngineValve.invoke(StandardEngineValve.java:87)
	at org.apache.catalina.connector.CoyoteAdapter.service(CoyoteAdapter.java:342)
	at org.apache.coyote.http11.Http11Processor.service(Http11Processor.java:800)
	at org.apache.coyote.AbstractProcessorLight.process(AbstractProcessorLight.java:66)
	at org.apache.coyote.AbstractProtocol$ConnectionHandler.process(AbstractProtocol.java:806)
	at org.apache.tomcat.util.net.NioEndpoint$SocketProcessor.doRun(NioEndpoint.java:1498)
	at org.apache.tomcat.util.net.SocketProcessorBase.run(SocketProcessorBase.java:49)
	at java.util.concurrent.ThreadPoolExecutor.runWorker(ThreadPoolExecutor.java:1149)
	at java.util.concurrent.ThreadPoolExecutor$Worker.run(ThreadPoolExecutor.java:624)
	at org.apache.tomcat.util.threads.TaskThread$WrappingRunnable.run(TaskThread.java:61)
	at java.lang.Thread.run(Thread.java:748)

13-Mar-2019 18:11:10.067 SEVERE [http-nio-8080-exec-3] org.apache.catalina.core.StandardWrapperValve.invoke Servlet.service() for servlet [jsp] in context with path [] threw exception [Unable to compile class for JSP: 

An error occurred at line: [93] in the jsp file: [/jsp/singlePost.jsp]
name cannot be resolved to a variable
90: 				while(rs2.next())
91: 				{
92: 					out.println(posterID);
93: 					out.println("<p> posted by "+name+"</p>");
94: 					
95: 					String sql3 = "SELECT * FROM comments WHERE postID = ?";
96: 					


An error occurred at line: [101] in the jsp file: [/jsp/singlePost.jsp]
The method outprintln(String) is undefined for the type singlePost_jsp
98: 					
99: 					ResultSet rs3 = ps3.executeQuery();
100: 					
101: 					outprintln("<b>Comments: </b>");
102: 					
103: 					while(rs3.next())
104: 					{


Stacktrace:] with root cause
 org.apache.jasper.JasperException: Unable to compile class for JSP: 

An error occurred at line: [93] in the jsp file: [/jsp/singlePost.jsp]
name cannot be resolved to a variable
90: 				while(rs2.next())
91: 				{
92: 					out.println(posterID);
93: 					out.println("<p> posted by "+name+"</p>");
94: 					
95: 					String sql3 = "SELECT * FROM comments WHERE postID = ?";
96: 					


An error occurred at line: [101] in the jsp file: [/jsp/singlePost.jsp]
The method outprintln(String) is undefined for the type singlePost_jsp
98: 					
99: 					ResultSet rs3 = ps3.executeQuery();
100: 					
101: 					outprintln("<b>Comments: </b>");
102: 					
103: 					while(rs3.next())
104: 					{


Stacktrace:
	at org.apache.jasper.compiler.DefaultErrorHandler.javacError(DefaultErrorHandler.java:102)
	at org.apache.jasper.compiler.ErrorDispatcher.javacError(ErrorDispatcher.java:212)
	at org.apache.jasper.compiler.JDTCompiler.generateClass(JDTCompiler.java:495)
	at org.apache.jasper.compiler.Compiler.compile(Compiler.java:378)
	at org.apache.jasper.compiler.Compiler.compile(Compiler.java:350)
	at org.apache.jasper.compiler.Compiler.compile(Compiler.java:334)
	at org.apache.jasper.JspCompilationContext.compile(JspCompilationContext.java:595)
	at org.apache.jasper.servlet.JspServletWrapper.service(JspServletWrapper.java:399)
	at org.apache.jasper.servlet.JspServlet.serviceJspFile(JspServlet.java:386)
	at org.apache.jasper.servlet.JspServlet.service(JspServlet.java:330)
	at javax.servlet.http.HttpServlet.service(HttpServlet.java:742)
	at org.apache.catalina.core.ApplicationFilterChain.internalDoFilter(ApplicationFilterChain.java:231)
	at org.apache.catalina.core.ApplicationFilterChain.doFilter(ApplicationFilterChain.java:166)
	at org.apache.tomcat.websocket.server.WsFilter.doFilter(WsFilter.java:52)
	at org.apache.catalina.core.ApplicationFilterChain.internalDoFilter(ApplicationFilterChain.java:193)
	at org.apache.catalina.core.ApplicationFilterChain.doFilter(ApplicationFilterChain.java:166)
	at org.apache.catalina.core.StandardWrapperValve.invoke(StandardWrapperValve.java:198)
	at org.apache.catalina.core.StandardContextValve.invoke(StandardContextValve.java:96)
	at org.apache.catalina.authenticator.AuthenticatorBase.invoke(AuthenticatorBase.java:493)
	at org.apache.catalina.core.StandardHostValve.invoke(StandardHostValve.java:140)
	at org.apache.catalina.valves.ErrorReportValve.invoke(ErrorReportValve.java:81)
	at org.apache.catalina.valves.AbstractAccessLogValve.invoke(AbstractAccessLogValve.java:650)
	at org.apache.catalina.core.StandardEngineValve.invoke(StandardEngineValve.java:87)
	at org.apache.catalina.connector.CoyoteAdapter.service(CoyoteAdapter.java:342)
	at org.apache.coyote.http11.Http11Processor.service(Http11Processor.java:800)
	at org.apache.coyote.AbstractProcessorLight.process(AbstractProcessorLight.java:66)
	at org.apache.coyote.AbstractProtocol$ConnectionHandler.process(AbstractProtocol.java:806)
	at org.apache.tomcat.util.net.NioEndpoint$SocketProcessor.doRun(NioEndpoint.java:1498)
	at org.apache.tomcat.util.net.SocketProcessorBase.run(SocketProcessorBase.java:49)
	at java.util.concurrent.ThreadPoolExecutor.runWorker(ThreadPoolExecutor.java:1149)
	at java.util.concurrent.ThreadPoolExecutor$Worker.run(ThreadPoolExecutor.java:624)
	at org.apache.tomcat.util.threads.TaskThread$WrappingRunnable.run(TaskThread.java:61)
	at java.lang.Thread.run(Thread.java:748)

13-Mar-2019 18:11:43.435 SEVERE [http-nio-8080-exec-10] org.apache.catalina.core.StandardWrapperValve.invoke Servlet.service() for servlet [jsp] in context with path [] threw exception [Unable to compile class for JSP: 

An error occurred at line: [101] in the jsp file: [/jsp/singlePost.jsp]
The method outprintln(String) is undefined for the type singlePost_jsp
98: 					
99: 					ResultSet rs3 = ps3.executeQuery();
100: 					
101: 					outprintln("<b>Comments: </b>");
102: 					
103: 					while(rs3.next())
104: 					{


Stacktrace:] with root cause
 org.apache.jasper.JasperException: Unable to compile class for JSP: 

An error occurred at line: [101] in the jsp file: [/jsp/singlePost.jsp]
The method outprintln(String) is undefined for the type singlePost_jsp
98: 					
99: 					ResultSet rs3 = ps3.executeQuery();
100: 					
101: 					outprintln("<b>Comments: </b>");
102: 					
103: 					while(rs3.next())
104: 					{


Stacktrace:
	at org.apache.jasper.compiler.DefaultErrorHandler.javacError(DefaultErrorHandler.java:102)
	at org.apache.jasper.compiler.ErrorDispatcher.javacError(ErrorDispatcher.java:212)
	at org.apache.jasper.compiler.JDTCompiler.generateClass(JDTCompiler.java:495)
	at org.apache.jasper.compiler.Compiler.compile(Compiler.java:378)
	at org.apache.jasper.compiler.Compiler.compile(Compiler.java:350)
	at org.apache.jasper.compiler.Compiler.compile(Compiler.java:334)
	at org.apache.jasper.JspCompilationContext.compile(JspCompilationContext.java:595)
	at org.apache.jasper.servlet.JspServletWrapper.service(JspServletWrapper.java:399)
	at org.apache.jasper.servlet.JspServlet.serviceJspFile(JspServlet.java:386)
	at org.apache.jasper.servlet.JspServlet.service(JspServlet.java:330)
	at javax.servlet.http.HttpServlet.service(HttpServlet.java:742)
	at org.apache.catalina.core.ApplicationFilterChain.internalDoFilter(ApplicationFilterChain.java:231)
	at org.apache.catalina.core.ApplicationFilterChain.doFilter(ApplicationFilterChain.java:166)
	at org.apache.tomcat.websocket.server.WsFilter.doFilter(WsFilter.java:52)
	at org.apache.catalina.core.ApplicationFilterChain.internalDoFilter(ApplicationFilterChain.java:193)
	at org.apache.catalina.core.ApplicationFilterChain.doFilter(ApplicationFilterChain.java:166)
	at org.apache.catalina.core.StandardWrapperValve.invoke(StandardWrapperValve.java:198)
	at org.apache.catalina.core.StandardContextValve.invoke(StandardContextValve.java:96)
	at org.apache.catalina.authenticator.AuthenticatorBase.invoke(AuthenticatorBase.java:493)
	at org.apache.catalina.core.StandardHostValve.invoke(StandardHostValve.java:140)
	at org.apache.catalina.valves.ErrorReportValve.invoke(ErrorReportValve.java:81)
	at org.apache.catalina.valves.AbstractAccessLogValve.invoke(AbstractAccessLogValve.java:650)
	at org.apache.catalina.core.StandardEngineValve.invoke(StandardEngineValve.java:87)
	at org.apache.catalina.connector.CoyoteAdapter.service(CoyoteAdapter.java:342)
	at org.apache.coyote.http11.Http11Processor.service(Http11Processor.java:800)
	at org.apache.coyote.AbstractProcessorLight.process(AbstractProcessorLight.java:66)
	at org.apache.coyote.AbstractProtocol$ConnectionHandler.process(AbstractProtocol.java:806)
	at org.apache.tomcat.util.net.NioEndpoint$SocketProcessor.doRun(NioEndpoint.java:1498)
	at org.apache.tomcat.util.net.SocketProcessorBase.run(SocketProcessorBase.java:49)
	at java.util.concurrent.ThreadPoolExecutor.runWorker(ThreadPoolExecutor.java:1149)
	at java.util.concurrent.ThreadPoolExecutor$Worker.run(ThreadPoolExecutor.java:624)
	at org.apache.tomcat.util.threads.TaskThread$WrappingRunnable.run(TaskThread.java:61)
	at java.lang.Thread.run(Thread.java:748)

13-Mar-2019 18:26:21.883 SEVERE [http-nio-8080-exec-9] org.apache.catalina.core.StandardWrapperValve.invoke Servlet.service() for servlet [jsp] in context with path [] threw exception [Unable to compile class for JSP: 

An error occurred at line: [114] in the jsp file: [/jsp/singlePost.jsp]
posterID cannot be resolved to a variable
111: 			out.println("</center>");
112: 			
113: 			out.println("<input type = 'hidden' id ='postID' name = 'postID' value = '"+postID+"'>");
114: 			out.println("<input type = 'hidden' id ='posterID' name = 'posterID' value = '"+posterID+"'>");
115: 			
116:   } catch(Exception e) {
117:     out.println(e.getMessage());


Stacktrace:] with root cause
 org.apache.jasper.JasperException: Unable to compile class for JSP: 

An error occurred at line: [114] in the jsp file: [/jsp/singlePost.jsp]
posterID cannot be resolved to a variable
111: 			out.println("</center>");
112: 			
113: 			out.println("<input type = 'hidden' id ='postID' name = 'postID' value = '"+postID+"'>");
114: 			out.println("<input type = 'hidden' id ='posterID' name = 'posterID' value = '"+posterID+"'>");
115: 			
116:   } catch(Exception e) {
117:     out.println(e.getMessage());


Stacktrace:
	at org.apache.jasper.compiler.DefaultErrorHandler.javacError(DefaultErrorHandler.java:102)
	at org.apache.jasper.compiler.ErrorDispatcher.javacError(ErrorDispatcher.java:212)
	at org.apache.jasper.compiler.JDTCompiler.generateClass(JDTCompiler.java:495)
	at org.apache.jasper.compiler.Compiler.compile(Compiler.java:378)
	at org.apache.jasper.compiler.Compiler.compile(Compiler.java:350)
	at org.apache.jasper.compiler.Compiler.compile(Compiler.java:334)
	at org.apache.jasper.JspCompilationContext.compile(JspCompilationContext.java:595)
	at org.apache.jasper.servlet.JspServletWrapper.service(JspServletWrapper.java:399)
	at org.apache.jasper.servlet.JspServlet.serviceJspFile(JspServlet.java:386)
	at org.apache.jasper.servlet.JspServlet.service(JspServlet.java:330)
	at javax.servlet.http.HttpServlet.service(HttpServlet.java:742)
	at org.apache.catalina.core.ApplicationFilterChain.internalDoFilter(ApplicationFilterChain.java:231)
	at org.apache.catalina.core.ApplicationFilterChain.doFilter(ApplicationFilterChain.java:166)
	at org.apache.tomcat.websocket.server.WsFilter.doFilter(WsFilter.java:52)
	at org.apache.catalina.core.ApplicationFilterChain.internalDoFilter(ApplicationFilterChain.java:193)
	at org.apache.catalina.core.ApplicationFilterChain.doFilter(ApplicationFilterChain.java:166)
	at org.apache.catalina.core.StandardWrapperValve.invoke(StandardWrapperValve.java:198)
	at org.apache.catalina.core.StandardContextValve.invoke(StandardContextValve.java:96)
	at org.apache.catalina.authenticator.AuthenticatorBase.invoke(AuthenticatorBase.java:493)
	at org.apache.catalina.core.StandardHostValve.invoke(StandardHostValve.java:140)
	at org.apache.catalina.valves.ErrorReportValve.invoke(ErrorReportValve.java:81)
	at org.apache.catalina.valves.AbstractAccessLogValve.invoke(AbstractAccessLogValve.java:650)
	at org.apache.catalina.core.StandardEngineValve.invoke(StandardEngineValve.java:87)
	at org.apache.catalina.connector.CoyoteAdapter.service(CoyoteAdapter.java:342)
	at org.apache.coyote.http11.Http11Processor.service(Http11Processor.java:800)
	at org.apache.coyote.AbstractProcessorLight.process(AbstractProcessorLight.java:66)
	at org.apache.coyote.AbstractProtocol$ConnectionHandler.process(AbstractProtocol.java:806)
	at org.apache.tomcat.util.net.NioEndpoint$SocketProcessor.doRun(NioEndpoint.java:1498)
	at org.apache.tomcat.util.net.SocketProcessorBase.run(SocketProcessorBase.java:49)
	at java.util.concurrent.ThreadPoolExecutor.runWorker(ThreadPoolExecutor.java:1149)
	at java.util.concurrent.ThreadPoolExecutor$Worker.run(ThreadPoolExecutor.java:624)
	at org.apache.tomcat.util.threads.TaskThread$WrappingRunnable.run(TaskThread.java:61)
	at java.lang.Thread.run(Thread.java:748)

13-Mar-2019 18:28:37.938 SEVERE [http-nio-8080-exec-5] org.apache.catalina.core.StandardWrapperValve.invoke Servlet.service() for servlet [jsp] in context with path [] threw exception [Unable to compile class for JSP: 

An error occurred at line: [10] in the jsp file: [/jsp/submitComment.jsp]
commentText cannot be resolved to a variable
7: String inputText = request.getParameter("commentText");
8: String postID = request.getParameter("postID");
9: String posterID = request.getParameter("posterID");
10: out.println(commentText);
11:   try {
12: 
13: Class.forName("com.mysql.jdbc.Driver").newInstance(); 


Stacktrace:] with root cause
 org.apache.jasper.JasperException: Unable to compile class for JSP: 

An error occurred at line: [10] in the jsp file: [/jsp/submitComment.jsp]
commentText cannot be resolved to a variable
7: String inputText = request.getParameter("commentText");
8: String postID = request.getParameter("postID");
9: String posterID = request.getParameter("posterID");
10: out.println(commentText);
11:   try {
12: 
13: Class.forName("com.mysql.jdbc.Driver").newInstance(); 


Stacktrace:
	at org.apache.jasper.compiler.DefaultErrorHandler.javacError(DefaultErrorHandler.java:102)
	at org.apache.jasper.compiler.ErrorDispatcher.javacError(ErrorDispatcher.java:212)
	at org.apache.jasper.compiler.JDTCompiler.generateClass(JDTCompiler.java:495)
	at org.apache.jasper.compiler.Compiler.compile(Compiler.java:378)
	at org.apache.jasper.compiler.Compiler.compile(Compiler.java:350)
	at org.apache.jasper.compiler.Compiler.compile(Compiler.java:334)
	at org.apache.jasper.JspCompilationContext.compile(JspCompilationContext.java:595)
	at org.apache.jasper.servlet.JspServletWrapper.service(JspServletWrapper.java:399)
	at org.apache.jasper.servlet.JspServlet.serviceJspFile(JspServlet.java:386)
	at org.apache.jasper.servlet.JspServlet.service(JspServlet.java:330)
	at javax.servlet.http.HttpServlet.service(HttpServlet.java:742)
	at org.apache.catalina.core.ApplicationFilterChain.internalDoFilter(ApplicationFilterChain.java:231)
	at org.apache.catalina.core.ApplicationFilterChain.doFilter(ApplicationFilterChain.java:166)
	at org.apache.tomcat.websocket.server.WsFilter.doFilter(WsFilter.java:52)
	at org.apache.catalina.core.ApplicationFilterChain.internalDoFilter(ApplicationFilterChain.java:193)
	at org.apache.catalina.core.ApplicationFilterChain.doFilter(ApplicationFilterChain.java:166)
	at org.apache.catalina.core.StandardWrapperValve.invoke(StandardWrapperValve.java:198)
	at org.apache.catalina.core.StandardContextValve.invoke(StandardContextValve.java:96)
	at org.apache.catalina.authenticator.AuthenticatorBase.invoke(AuthenticatorBase.java:493)
	at org.apache.catalina.core.StandardHostValve.invoke(StandardHostValve.java:140)
	at org.apache.catalina.valves.ErrorReportValve.invoke(ErrorReportValve.java:81)
	at org.apache.catalina.valves.AbstractAccessLogValve.invoke(AbstractAccessLogValve.java:650)
	at org.apache.catalina.core.StandardEngineValve.invoke(StandardEngineValve.java:87)
	at org.apache.catalina.connector.CoyoteAdapter.service(CoyoteAdapter.java:342)
	at org.apache.coyote.http11.Http11Processor.service(Http11Processor.java:800)
	at org.apache.coyote.AbstractProcessorLight.process(AbstractProcessorLight.java:66)
	at org.apache.coyote.AbstractProtocol$ConnectionHandler.process(AbstractProtocol.java:806)
	at org.apache.tomcat.util.net.NioEndpoint$SocketProcessor.doRun(NioEndpoint.java:1498)
	at org.apache.tomcat.util.net.SocketProcessorBase.run(SocketProcessorBase.java:49)
	at java.util.concurrent.ThreadPoolExecutor.runWorker(ThreadPoolExecutor.java:1149)
	at java.util.concurrent.ThreadPoolExecutor$Worker.run(ThreadPoolExecutor.java:624)
	at org.apache.tomcat.util.threads.TaskThread$WrappingRunnable.run(TaskThread.java:61)
	at java.lang.Thread.run(Thread.java:748)

13-Mar-2019 18:40:59.048 SEVERE [http-nio-8080-exec-7] org.apache.catalina.core.StandardWrapperValve.invoke Servlet.service() for servlet [jsp] in context with path [] threw exception [Unable to compile class for JSP: 

An error occurred at line: [115] in the jsp file: [/jsp/singlePost.jsp]
posterID cannot be resolved to a variable
112: 			out.println("</center>");
113: 			out.println("<form action = 'submitComment.jsp'>");
114: 			out.println("<input type = 'hidden' id ='postID' name = 'postID' value = "+postID+">");
115: 			out.println("<input type = 'hidden' id ='posterID' name = 'posterID' value = "+posterID+">");
116: 			out.println("<label for='commentText'><b>Create Comment</b></label>");
117: 			out.println("<input type = 'text' name = 'commentText' placeholder = 'Enter comment here'>");
118: 			out.println("<button type = 'submit > Post Comment </button>");


Stacktrace:] with root cause
 org.apache.jasper.JasperException: Unable to compile class for JSP: 

An error occurred at line: [115] in the jsp file: [/jsp/singlePost.jsp]
posterID cannot be resolved to a variable
112: 			out.println("</center>");
113: 			out.println("<form action = 'submitComment.jsp'>");
114: 			out.println("<input type = 'hidden' id ='postID' name = 'postID' value = "+postID+">");
115: 			out.println("<input type = 'hidden' id ='posterID' name = 'posterID' value = "+posterID+">");
116: 			out.println("<label for='commentText'><b>Create Comment</b></label>");
117: 			out.println("<input type = 'text' name = 'commentText' placeholder = 'Enter comment here'>");
118: 			out.println("<button type = 'submit > Post Comment </button>");


Stacktrace:
	at org.apache.jasper.compiler.DefaultErrorHandler.javacError(DefaultErrorHandler.java:102)
	at org.apache.jasper.compiler.ErrorDispatcher.javacError(ErrorDispatcher.java:212)
	at org.apache.jasper.compiler.JDTCompiler.generateClass(JDTCompiler.java:495)
	at org.apache.jasper.compiler.Compiler.compile(Compiler.java:378)
	at org.apache.jasper.compiler.Compiler.compile(Compiler.java:350)
	at org.apache.jasper.compiler.Compiler.compile(Compiler.java:334)
	at org.apache.jasper.JspCompilationContext.compile(JspCompilationContext.java:595)
	at org.apache.jasper.servlet.JspServletWrapper.service(JspServletWrapper.java:399)
	at org.apache.jasper.servlet.JspServlet.serviceJspFile(JspServlet.java:386)
	at org.apache.jasper.servlet.JspServlet.service(JspServlet.java:330)
	at javax.servlet.http.HttpServlet.service(HttpServlet.java:742)
	at org.apache.catalina.core.ApplicationFilterChain.internalDoFilter(ApplicationFilterChain.java:231)
	at org.apache.catalina.core.ApplicationFilterChain.doFilter(ApplicationFilterChain.java:166)
	at org.apache.tomcat.websocket.server.WsFilter.doFilter(WsFilter.java:52)
	at org.apache.catalina.core.ApplicationFilterChain.internalDoFilter(ApplicationFilterChain.java:193)
	at org.apache.catalina.core.ApplicationFilterChain.doFilter(ApplicationFilterChain.java:166)
	at org.apache.catalina.core.StandardWrapperValve.invoke(StandardWrapperValve.java:198)
	at org.apache.catalina.core.StandardContextValve.invoke(StandardContextValve.java:96)
	at org.apache.catalina.authenticator.AuthenticatorBase.invoke(AuthenticatorBase.java:493)
	at org.apache.catalina.core.StandardHostValve.invoke(StandardHostValve.java:140)
	at org.apache.catalina.valves.ErrorReportValve.invoke(ErrorReportValve.java:81)
	at org.apache.catalina.valves.AbstractAccessLogValve.invoke(AbstractAccessLogValve.java:650)
	at org.apache.catalina.core.StandardEngineValve.invoke(StandardEngineValve.java:87)
	at org.apache.catalina.connector.CoyoteAdapter.service(CoyoteAdapter.java:342)
	at org.apache.coyote.http11.Http11Processor.service(Http11Processor.java:800)
	at org.apache.coyote.AbstractProcessorLight.process(AbstractProcessorLight.java:66)
	at org.apache.coyote.AbstractProtocol$ConnectionHandler.process(AbstractProtocol.java:806)
	at org.apache.tomcat.util.net.NioEndpoint$SocketProcessor.doRun(NioEndpoint.java:1498)
	at org.apache.tomcat.util.net.SocketProcessorBase.run(SocketProcessorBase.java:49)
	at java.util.concurrent.ThreadPoolExecutor.runWorker(ThreadPoolExecutor.java:1149)
	at java.util.concurrent.ThreadPoolExecutor$Worker.run(ThreadPoolExecutor.java:624)
	at org.apache.tomcat.util.threads.TaskThread$WrappingRunnable.run(TaskThread.java:61)
	at java.lang.Thread.run(Thread.java:748)

13-Mar-2019 18:50:28.026 SEVERE [http-nio-8080-exec-4] org.apache.catalina.core.StandardWrapperValve.invoke Servlet.service() for servlet [jsp] in context with path [] threw exception [Unable to compile class for JSP: 

An error occurred at line: [108] in the jsp file: [/jsp/singlePost.jsp]
Syntax error on token ""SELECT * FROM users WHERE userID = ?"", delete this token
105: 						String comments = rs3.getString("commentContent");
106: 						String commenterID = rs3.getString("commenterID");
107: 						
108: 						String sql4 "SELECT * FROM users WHERE userID = ?";
109: 						
110: 						PreparedStatement ps4 = conn.prepareStatement(sql4);
111: 						ps4.setString(1, commenterID);


An error occurred at line: [117] in the jsp file: [/jsp/singlePost.jsp]
rst cannot be resolved
114: 						
115: 						out.println("<p>"+comments+"</p><br>");
116: 						
117: 						while(rst.next())
118: 						{
119: 							String commenter = rs4.getString("userName");
120: 							out.println("<p> posted by: "+commenter+"</p><br>");


Stacktrace:] with root cause
 org.apache.jasper.JasperException: Unable to compile class for JSP: 

An error occurred at line: [108] in the jsp file: [/jsp/singlePost.jsp]
Syntax error on token ""SELECT * FROM users WHERE userID = ?"", delete this token
105: 						String comments = rs3.getString("commentContent");
106: 						String commenterID = rs3.getString("commenterID");
107: 						
108: 						String sql4 "SELECT * FROM users WHERE userID = ?";
109: 						
110: 						PreparedStatement ps4 = conn.prepareStatement(sql4);
111: 						ps4.setString(1, commenterID);


An error occurred at line: [117] in the jsp file: [/jsp/singlePost.jsp]
rst cannot be resolved
114: 						
115: 						out.println("<p>"+comments+"</p><br>");
116: 						
117: 						while(rst.next())
118: 						{
119: 							String commenter = rs4.getString("userName");
120: 							out.println("<p> posted by: "+commenter+"</p><br>");


Stacktrace:
	at org.apache.jasper.compiler.DefaultErrorHandler.javacError(DefaultErrorHandler.java:102)
	at org.apache.jasper.compiler.ErrorDispatcher.javacError(ErrorDispatcher.java:212)
	at org.apache.jasper.compiler.JDTCompiler.generateClass(JDTCompiler.java:495)
	at org.apache.jasper.compiler.Compiler.compile(Compiler.java:378)
	at org.apache.jasper.compiler.Compiler.compile(Compiler.java:350)
	at org.apache.jasper.compiler.Compiler.compile(Compiler.java:334)
	at org.apache.jasper.JspCompilationContext.compile(JspCompilationContext.java:595)
	at org.apache.jasper.servlet.JspServletWrapper.service(JspServletWrapper.java:399)
	at org.apache.jasper.servlet.JspServlet.serviceJspFile(JspServlet.java:386)
	at org.apache.jasper.servlet.JspServlet.service(JspServlet.java:330)
	at javax.servlet.http.HttpServlet.service(HttpServlet.java:742)
	at org.apache.catalina.core.ApplicationFilterChain.internalDoFilter(ApplicationFilterChain.java:231)
	at org.apache.catalina.core.ApplicationFilterChain.doFilter(ApplicationFilterChain.java:166)
	at org.apache.tomcat.websocket.server.WsFilter.doFilter(WsFilter.java:52)
	at org.apache.catalina.core.ApplicationFilterChain.internalDoFilter(ApplicationFilterChain.java:193)
	at org.apache.catalina.core.ApplicationFilterChain.doFilter(ApplicationFilterChain.java:166)
	at org.apache.catalina.core.StandardWrapperValve.invoke(StandardWrapperValve.java:198)
	at org.apache.catalina.core.StandardContextValve.invoke(StandardContextValve.java:96)
	at org.apache.catalina.authenticator.AuthenticatorBase.invoke(AuthenticatorBase.java:493)
	at org.apache.catalina.core.StandardHostValve.invoke(StandardHostValve.java:140)
	at org.apache.catalina.valves.ErrorReportValve.invoke(ErrorReportValve.java:81)
	at org.apache.catalina.valves.AbstractAccessLogValve.invoke(AbstractAccessLogValve.java:650)
	at org.apache.catalina.core.StandardEngineValve.invoke(StandardEngineValve.java:87)
	at org.apache.catalina.connector.CoyoteAdapter.service(CoyoteAdapter.java:342)
	at org.apache.coyote.http11.Http11Processor.service(Http11Processor.java:800)
	at org.apache.coyote.AbstractProcessorLight.process(AbstractProcessorLight.java:66)
	at org.apache.coyote.AbstractProtocol$ConnectionHandler.process(AbstractProtocol.java:806)
	at org.apache.tomcat.util.net.NioEndpoint$SocketProcessor.doRun(NioEndpoint.java:1498)
	at org.apache.tomcat.util.net.SocketProcessorBase.run(SocketProcessorBase.java:49)
	at java.util.concurrent.ThreadPoolExecutor.runWorker(ThreadPoolExecutor.java:1149)
	at java.util.concurrent.ThreadPoolExecutor$Worker.run(ThreadPoolExecutor.java:624)
	at org.apache.tomcat.util.threads.TaskThread$WrappingRunnable.run(TaskThread.java:61)
	at java.lang.Thread.run(Thread.java:748)

13-Mar-2019 18:50:46.115 SEVERE [http-nio-8080-exec-9] org.apache.catalina.core.StandardWrapperValve.invoke Servlet.service() for servlet [jsp] in context with path [] threw exception [Unable to compile class for JSP: 

An error occurred at line: [117] in the jsp file: [/jsp/singlePost.jsp]
rst cannot be resolved
114: 						
115: 						out.println("<p>"+comments+"</p><br>");
116: 						
117: 						while(rst.next())
118: 						{
119: 							String commenter = rs4.getString("userName");
120: 							out.println("<p> posted by: "+commenter+"</p><br>");


Stacktrace:] with root cause
 org.apache.jasper.JasperException: Unable to compile class for JSP: 

An error occurred at line: [117] in the jsp file: [/jsp/singlePost.jsp]
rst cannot be resolved
114: 						
115: 						out.println("<p>"+comments+"</p><br>");
116: 						
117: 						while(rst.next())
118: 						{
119: 							String commenter = rs4.getString("userName");
120: 							out.println("<p> posted by: "+commenter+"</p><br>");


Stacktrace:
	at org.apache.jasper.compiler.DefaultErrorHandler.javacError(DefaultErrorHandler.java:102)
	at org.apache.jasper.compiler.ErrorDispatcher.javacError(ErrorDispatcher.java:212)
	at org.apache.jasper.compiler.JDTCompiler.generateClass(JDTCompiler.java:495)
	at org.apache.jasper.compiler.Compiler.compile(Compiler.java:378)
	at org.apache.jasper.compiler.Compiler.compile(Compiler.java:350)
	at org.apache.jasper.compiler.Compiler.compile(Compiler.java:334)
	at org.apache.jasper.JspCompilationContext.compile(JspCompilationContext.java:595)
	at org.apache.jasper.servlet.JspServletWrapper.service(JspServletWrapper.java:399)
	at org.apache.jasper.servlet.JspServlet.serviceJspFile(JspServlet.java:386)
	at org.apache.jasper.servlet.JspServlet.service(JspServlet.java:330)
	at javax.servlet.http.HttpServlet.service(HttpServlet.java:742)
	at org.apache.catalina.core.ApplicationFilterChain.internalDoFilter(ApplicationFilterChain.java:231)
	at org.apache.catalina.core.ApplicationFilterChain.doFilter(ApplicationFilterChain.java:166)
	at org.apache.tomcat.websocket.server.WsFilter.doFilter(WsFilter.java:52)
	at org.apache.catalina.core.ApplicationFilterChain.internalDoFilter(ApplicationFilterChain.java:193)
	at org.apache.catalina.core.ApplicationFilterChain.doFilter(ApplicationFilterChain.java:166)
	at org.apache.catalina.core.StandardWrapperValve.invoke(StandardWrapperValve.java:198)
	at org.apache.catalina.core.StandardContextValve.invoke(StandardContextValve.java:96)
	at org.apache.catalina.authenticator.AuthenticatorBase.invoke(AuthenticatorBase.java:493)
	at org.apache.catalina.core.StandardHostValve.invoke(StandardHostValve.java:140)
	at org.apache.catalina.valves.ErrorReportValve.invoke(ErrorReportValve.java:81)
	at org.apache.catalina.valves.AbstractAccessLogValve.invoke(AbstractAccessLogValve.java:650)
	at org.apache.catalina.core.StandardEngineValve.invoke(StandardEngineValve.java:87)
	at org.apache.catalina.connector.CoyoteAdapter.service(CoyoteAdapter.java:342)
	at org.apache.coyote.http11.Http11Processor.service(Http11Processor.java:800)
	at org.apache.coyote.AbstractProcessorLight.process(AbstractProcessorLight.java:66)
	at org.apache.coyote.AbstractProtocol$ConnectionHandler.process(AbstractProtocol.java:806)
	at org.apache.tomcat.util.net.NioEndpoint$SocketProcessor.doRun(NioEndpoint.java:1498)
	at org.apache.tomcat.util.net.SocketProcessorBase.run(SocketProcessorBase.java:49)
	at java.util.concurrent.ThreadPoolExecutor.runWorker(ThreadPoolExecutor.java:1149)
	at java.util.concurrent.ThreadPoolExecutor$Worker.run(ThreadPoolExecutor.java:624)
	at org.apache.tomcat.util.threads.TaskThread$WrappingRunnable.run(TaskThread.java:61)
	at java.lang.Thread.run(Thread.java:748)

